  Vanic.cpp
c:\users\mortal\documents\visual studio 2017\projects\vanic\vanic\Roblox.h(110): warning C4018: '<': signed/unsigned mismatch
c:\users\mortal\documents\visual studio 2017\projects\vanic\vanic\RunCommand.h(76): warning C4805: '==': unsafe mix of type 'int' and type 'bool' in operation
c:\users\mortal\documents\visual studio 2017\projects\vanic\vanic\RunCommand.h(172): warning C4018: '<': signed/unsigned mismatch
c:\users\mortal\documents\visual studio 2017\projects\vanic\vanic\RunCommand.h(194): warning C4018: '<': signed/unsigned mismatch
c:\users\mortal\documents\visual studio 2017\projects\vanic\vanic\RunCommand.h(225): warning C4018: '<': signed/unsigned mismatch
c:\users\mortal\documents\visual studio 2017\projects\vanic\vanic\RunCommand.h(253): warning C4018: '<': signed/unsigned mismatch
c:\users\mortal\documents\visual studio 2017\projects\vanic\vanic\RunCommand.h(286): warning C4018: '<': signed/unsigned mismatch
c:\users\mortal\documents\visual studio 2017\projects\vanic\vanic\RunCommand.h(314): warning C4018: '<': signed/unsigned mismatch
c:\users\mortal\documents\visual studio 2017\projects\vanic\vanic\RunCommand.h(346): warning C4018: '<': signed/unsigned mismatch
c:\users\mortal\documents\visual studio 2017\projects\vanic\vanic\RunCommand.h(374): warning C4018: '<': signed/unsigned mismatch
c:\users\mortal\documents\visual studio 2017\projects\vanic\vanic\RunCommand.h(406): warning C4018: '<': signed/unsigned mismatch
c:\users\mortal\documents\visual studio 2017\projects\vanic\vanic\RunCommand.h(436): warning C4018: '<': signed/unsigned mismatch
c:\users\mortal\documents\visual studio 2017\projects\vanic\vanic\RunCommand.h(466): warning C4018: '<': signed/unsigned mismatch
c:\users\mortal\documents\visual studio 2017\projects\vanic\vanic\RunCommand.h(496): warning C4018: '<': signed/unsigned mismatch
c:\users\mortal\documents\visual studio 2017\projects\vanic\vanic\RunCommand.h(526): warning C4018: '<': signed/unsigned mismatch
c:\users\mortal\documents\visual studio 2017\projects\vanic\vanic\RunCommand.h(528): warning C4244: 'initializing': conversion from 'int' to 'float', possible loss of data
c:\users\mortal\documents\visual studio 2017\projects\vanic\vanic\RunCommand.h(559): warning C4018: '<': signed/unsigned mismatch
c:\users\mortal\documents\visual studio 2017\projects\vanic\vanic\RunCommand.h(561): warning C4244: 'initializing': conversion from 'int' to 'float', possible loss of data
c:\users\mortal\documents\visual studio 2017\projects\vanic\vanic\RunCommand.h(588): warning C4018: '<': signed/unsigned mismatch
c:\users\mortal\documents\visual studio 2017\projects\vanic\vanic\RunCommand.h(590): warning C4244: 'initializing': conversion from 'int' to 'float', possible loss of data
c:\users\mortal\documents\visual studio 2017\projects\vanic\vanic\RunCommand.h(618): warning C4018: '<': signed/unsigned mismatch
c:\users\mortal\documents\visual studio 2017\projects\vanic\vanic\RunCommand.h(651): warning C4018: '<': signed/unsigned mismatch
c:\users\mortal\documents\visual studio 2017\projects\vanic\vanic\RunCommand.h(701): warning C4018: '<': signed/unsigned mismatch
c:\users\mortal\documents\visual studio 2017\projects\vanic\vanic\RunCommand.h(730): warning C4018: '<': signed/unsigned mismatch
c:\users\mortal\documents\visual studio 2017\projects\vanic\vanic\RunCommand.h(759): warning C4018: '<': signed/unsigned mismatch
c:\users\mortal\documents\visual studio 2017\projects\vanic\vanic\RunCommand.h(799): warning C4018: '<': signed/unsigned mismatch
c:\users\mortal\documents\visual studio 2017\projects\vanic\vanic\RunCommand.h(838): warning C4018: '<': signed/unsigned mismatch
c:\users\mortal\documents\visual studio 2017\projects\vanic\vanic\RunCommand.h(840): warning C4244: 'initializing': conversion from 'int' to 'float', possible loss of data
c:\users\mortal\documents\visual studio 2017\projects\vanic\vanic\RunCommand.h(868): warning C4018: '<': signed/unsigned mismatch
c:\users\mortal\documents\visual studio 2017\projects\vanic\vanic\RunCommand.h(869): warning C4018: '<': signed/unsigned mismatch
c:\users\mortal\documents\visual studio 2017\projects\vanic\vanic\RunCommand.h(884): warning C4018: '<': signed/unsigned mismatch
c:\users\mortal\documents\visual studio 2017\projects\vanic\vanic\RunCommand.h(885): warning C4018: '<': signed/unsigned mismatch
c:\users\mortal\documents\visual studio 2017\projects\vanic\vanic\Vanic.h(26): warning C4996: 'freopen': This function or variable may be unsafe. Consider using freopen_s instead. To disable deprecation, use _CRT_SECURE_NO_WARNINGS. See online help for details.
  C:\Program Files (x86)\Windows Kits\10\Include\10.0.15063.0\ucrt\stdio.h(242): note: see declaration of 'freopen'
c:\users\mortal\documents\visual studio 2017\projects\vanic\vanic\Vanic.h(27): warning C4996: 'freopen': This function or variable may be unsafe. Consider using freopen_s instead. To disable deprecation, use _CRT_SECURE_NO_WARNINGS. See online help for details.
  C:\Program Files (x86)\Windows Kits\10\Include\10.0.15063.0\ucrt\stdio.h(242): note: see declaration of 'freopen'
c:\users\mortal\documents\visual studio 2017\projects\vanic\vanic\Vanic.h(48): warning C4477: 'printf' : format string '%s' requires an argument of type 'char *', but variadic argument 1 has type 'std::string'
c:\users\mortal\documents\visual studio 2017\projects\vanic\vanic\Vanic.h(20): warning C4101: 'Base': unreferenced local variable
c:\users\mortal\documents\visual studio 2017\projects\vanic\vanic\Vanic.h(20): warning C4101: 'OldPermMsg': unreferenced local variable
  Generating code
  2 of 449 functions ( 0.4%) were compiled, the rest were copied from previous compilation.
    0 functions were new in current compilation
    1 functions had inline decision re-evaluated but remain unchanged
  Finished generating code
  Vanic.vcxproj -> C:\Users\Mortal\Documents\Visual Studio 2017\Projects\Vanic\Release\Vanic.dll
