C:\Program Files (x86)\MSBuild\Microsoft.Cpp\v4.0\V140\Microsoft.CppBuild.targets(392,5): warning MSB8028: The intermediate directory (Release\) contains files shared from another project (AASploit.vcxproj, Antara.vcxproj, Halcyonv.vcxproj, XYZxl.vcxproj).  This can lead to incorrect clean and rebuild behavior.
  Checks.cpp
  dllmain.cpp
c:\users\amitv\desktop\xyzxl\xyzxl\UDim2.h(14): warning C4005: 'lua_col3_classname': macro redefinition
  c:\users\amitv\desktop\xyzxl\xyzxl\Color3.h(14): note: see previous definition of 'lua_col3_classname'
c:\users\amitv\desktop\xyzxl\xyzxl\NumberRange.h(14): warning C4005: 'lua_col3_classname': macro redefinition
  c:\users\amitv\desktop\xyzxl\xyzxl\UDim2.h(14): note: see previous definition of 'lua_col3_classname'
c:\users\amitv\desktop\xyzxl\xyzxl\CFrame.h(14): warning C4005: 'lua_col3_classname': macro redefinition
  c:\users\amitv\desktop\xyzxl\xyzxl\NumberRange.h(14): note: see previous definition of 'lua_col3_classname'
c:\users\amitv\desktop\xyzxl\xyzxl\XYZ_DB.h(30): warning C4005: 'rbxaddy': macro redefinition
  c:\users\amitv\desktop\xyzxl\xyzxl\Addresses_1.h(5): note: see previous definition of 'rbxaddy'
c:\users\amitv\desktop\xyzxl\xyzxl\XYZ_DB.h(385): warning C4018: '<': signed/unsigned mismatch
c:\users\amitv\desktop\xyzxl\xyzxl\MainLua.h(96): warning C4244: '=': conversion from 'DWORD' to 'char', possible loss of data
c:\users\amitv\desktop\xyzxl\xyzxl\MainLua.h(254): warning C4309: '=': truncation of constant value
c:\users\amitv\desktop\xyzxl\xyzxl\MainLua.h(852): warning C4244: 'argument': conversion from '__int64' to 'lua_Number', possible loss of data
c:\users\amitv\desktop\xyzxl\xyzxl\MainLua.h(1320): warning C4018: '<': signed/unsigned mismatch
c:\users\amitv\desktop\xyzxl\xyzxl\MainLua.h(1355): warning C4018: '<': signed/unsigned mismatch
c:\users\amitv\desktop\xyzxl\xyzxl\MainLua.h(1370): warning C4018: '<': signed/unsigned mismatch
c:\users\amitv\desktop\xyzxl\xyzxl\MainLua.h(1385): warning C4018: '<': signed/unsigned mismatch
c:\users\amitv\desktop\xyzxl\xyzxl\MainLua.h(1570): warning C4018: '<': signed/unsigned mismatch
c:\users\amitv\desktop\xyzxl\xyzxl\MainLua.h(1585): warning C4018: '<': signed/unsigned mismatch
c:\users\amitv\desktop\xyzxl\xyzxl\MainLua.h(1907): warning C4244: 'initializing': conversion from 'double' to 'int', possible loss of data
c:\users\amitv\desktop\xyzxl\xyzxl\MainLua.h(2592): warning C4244: 'initializing': conversion from 'lua_Number' to 'int', possible loss of data
c:\users\amitv\desktop\xyzxl\xyzxl\MainLua.h(2602): warning C4244: 'initializing': conversion from 'lua_Number' to 'int', possible loss of data
c:\users\amitv\desktop\xyzxl\xyzxl\MainLua.h(3479): warning C4244: 'initializing': conversion from 'lua_Number' to 'int', possible loss of data
c:\users\amitv\desktop\xyzxl\xyzxl\MainLua.h(3488): warning C4244: 'initializing': conversion from 'lua_Number' to 'int', possible loss of data
c:\users\amitv\desktop\xyzxl\xyzxl\MainLua.h(3498): warning C4244: 'initializing': conversion from 'lua_Number' to 'int', possible loss of data
c:\users\amitv\desktop\xyzxl\xyzxl\MainLua.h(3508): warning C4244: 'initializing': conversion from 'lua_Number' to 'int', possible loss of data
c:\users\amitv\desktop\xyzxl\xyzxl\MainLua.h(3518): warning C4244: 'initializing': conversion from 'lua_Number' to 'int', possible loss of data
c:\users\amitv\desktop\xyzxl\xyzxl\MainLua.h(3528): warning C4244: 'initializing': conversion from 'lua_Number' to 'int', possible loss of data
c:\users\amitv\desktop\xyzxl\xyzxl\MainLua.h(3538): warning C4244: 'initializing': conversion from 'lua_Number' to 'int', possible loss of data
c:\users\amitv\desktop\xyzxl\xyzxl\MainLua.h(3548): warning C4244: 'initializing': conversion from 'lua_Number' to 'int', possible loss of data
c:\users\amitv\desktop\xyzxl\xyzxl\MainLua.h(3558): warning C4244: 'initializing': conversion from 'lua_Number' to 'int', possible loss of data
c:\users\amitv\desktop\xyzxl\xyzxl\MainLua.h(3568): warning C4244: 'initializing': conversion from 'lua_Number' to 'int', possible loss of data
c:\users\amitv\desktop\xyzxl\xyzxl\MainLua.h(3578): warning C4244: 'initializing': conversion from 'lua_Number' to 'int', possible loss of data
c:\users\amitv\desktop\xyzxl\xyzxl\MainLua.h(3589): warning C4244: 'initializing': conversion from 'lua_Number' to 'int', possible loss of data
c:\users\amitv\desktop\xyzxl\xyzxl\MainLua.h(3600): warning C4244: 'initializing': conversion from 'lua_Number' to 'int', possible loss of data
c:\users\amitv\desktop\xyzxl\xyzxl\MainLua.h(3610): warning C4244: 'initializing': conversion from 'lua_Number' to 'int', possible loss of data
c:\users\amitv\desktop\xyzxl\xyzxl\MainLua.h(4057): warning C4244: 'initializing': conversion from 'lua_Number' to 'int', possible loss of data
c:\users\amitv\desktop\xyzxl\xyzxl\MainLua.h(4063): warning C4244: 'initializing': conversion from 'lua_Number' to 'int', possible loss of data
c:\users\amitv\desktop\xyzxl\xyzxl\MainLua.h(4070): warning C4244: 'initializing': conversion from 'lua_Number' to 'int', possible loss of data
c:\users\amitv\desktop\xyzxl\xyzxl\MainLua.h(4077): warning C4244: 'initializing': conversion from 'lua_Number' to 'int', possible loss of data
c:\users\amitv\desktop\xyzxl\xyzxl\MainLua.h(4101): warning C4244: 'initializing': conversion from 'lua_Number' to 'int', possible loss of data
c:\users\amitv\desktop\xyzxl\xyzxl\MainLua.h(4108): warning C4244: 'initializing': conversion from 'lua_Number' to 'int', possible loss of data
c:\users\amitv\desktop\xyzxl\xyzxl\MainLua.h(4115): warning C4244: 'initializing': conversion from 'lua_Number' to 'int', possible loss of data
c:\users\amitv\desktop\xyzxl\xyzxl\MainLua.h(4916): warning C4065: switch statement contains 'default' but no 'case' labels
c:\users\amitv\desktop\xyzxl\xyzxl\MainLua.h(5173): warning C4002: too many actual parameters for macro 'SETBITS'
c:\users\amitv\desktop\xyzxl\xyzxl\MainLua.h(5174): warning C4002: too many actual parameters for macro 'SETBITS'
c:\users\amitv\desktop\xyzxl\xyzxl\MainLua.h(5175): warning C4002: too many actual parameters for macro 'SETBITS'
c:\users\amitv\desktop\xyzxl\xyzxl\MainLua.h(5179): warning C4002: too many actual parameters for macro 'SETBITS'
c:\users\amitv\desktop\xyzxl\xyzxl\MainLua.h(5180): warning C4002: too many actual parameters for macro 'SETBITS'
c:\users\amitv\desktop\xyzxl\xyzxl\MainLua.h(5184): warning C4002: too many actual parameters for macro 'SETBITS'
c:\users\amitv\desktop\xyzxl\xyzxl\MainLua.h(5185): warning C4002: too many actual parameters for macro 'SETBITS'
c:\users\amitv\desktop\xyzxl\xyzxl\MainLua.h(5373): warning C4244: 'initializing': conversion from 'lua_Number' to 'int', possible loss of data
c:\users\amitv\desktop\xyzxl\xyzxl\MainLua.h(5469): warning C4244: '=': conversion from 'lua_Number' to 'int', possible loss of data
c:\users\amitv\desktop\xyzxl\xyzxl\MainLua.h(5517): warning C4244: '=': conversion from 'lua_Number' to 'int', possible loss of data
c:\users\amitv\desktop\xyzxl\xyzxl\MainLua.h(5544): warning C4244: 'initializing': conversion from 'lua_Number' to 'int', possible loss of data
c:\users\amitv\desktop\xyzxl\xyzxl\MainLua.h(5561): warning C4244: 'initializing': conversion from 'lua_Number' to 'int', possible loss of data
c:\users\amitv\desktop\xyzxl\xyzxl\MainLua.h(5575): warning C4244: 'initializing': conversion from 'lua_Number' to 'int', possible loss of data
c:\users\amitv\desktop\xyzxl\xyzxl\MainLua.h(5611): warning C4244: '=': conversion from 'lua_Number' to 'int', possible loss of data
c:\users\amitv\desktop\xyzxl\xyzxl\MainLua.h(5682): warning C4244: 'initializing': conversion from 'lua_Number' to 'int', possible loss of data
c:\users\amitv\desktop\xyzxl\xyzxl\MainLua.h(5746): warning C4244: 'initializing': conversion from 'lua_Number' to 'int', possible loss of data
c:\users\amitv\desktop\xyzxl\xyzxl\BytecodeVM.h(69): warning C4091: 'typedef ': ignored on left of 'r_LClosure' when no variable is declared
c:\users\amitv\desktop\xyzxl\xyzxl\BytecodeVM.h(81): warning C4091: 'typedef ': ignored on left of 'r_CClosure' when no variable is declared
c:\users\amitv\desktop\xyzxl\xyzxl\BytecodeVM.h(91): warning C4091: 'typedef ': ignored on left of 'r_TString' when no variable is declared
c:\users\amitv\desktop\xyzxl\xyzxl\BytecodeVM.h(103): warning C4091: 'typedef ': ignored on left of 'r_Udata' when no variable is declared
c:\users\amitv\desktop\xyzxl\xyzxl\BytecodeVM.h(109): warning C4091: 'typedef ': ignored on left of 'r_LocVar' when no variable is declared
c:\users\amitv\desktop\xyzxl\xyzxl\BytecodeVM.h(137): warning C4091: 'typedef ': ignored on left of 'r_Proto' when no variable is declared
c:\users\amitv\desktop\xyzxl\xyzxl\BytecodeVM.h(152): warning C4003: not enough actual parameters for macro 'LUAVM_SHUFFLE7'
c:\users\amitv\desktop\xyzxl\xyzxl\BytecodeVM.h(450): warning C4002: too many actual parameters for macro 'rev_luai_numunm'
c:\users\amitv\desktop\xyzxl\xyzxl\BytecodeVM.h(325): warning C4102: 'reentry': unreferenced label
c:\users\amitv\desktop\xyzxl\xyzxl\DoCommand.h(349): warning C4018: '<': signed/unsigned mismatch
c:\users\amitv\desktop\xyzxl\xyzxl\DoCommand.h(382): warning C4307: '*': integral constant overflow
c:\users\amitv\desktop\xyzxl\xyzxl\DoCommand.h(385): warning C4307: '*': integral constant overflow
c:\users\amitv\desktop\xyzxl\xyzxl\DoCommand.h(389): warning C4307: '*': integral constant overflow
c:\users\amitv\desktop\xyzxl\xyzxl\DoCommand.h(393): warning C4307: '*': integral constant overflow
c:\users\amitv\desktop\xyzxl\xyzxl\DoCommand.h(397): warning C4307: '*': integral constant overflow
c:\users\amitv\desktop\xyzxl\xyzxl\DoCommand.h(401): warning C4307: '*': integral constant overflow
c:\users\amitv\desktop\xyzxl\xyzxl\DoCommand.h(405): warning C4307: '*': integral constant overflow
c:\users\amitv\desktop\xyzxl\xyzxl\DoCommand.h(409): warning C4307: '*': integral constant overflow
c:\users\amitv\desktop\xyzxl\xyzxl\DoCommand.h(413): warning C4307: '*': integral constant overflow
c:\users\amitv\desktop\xyzxl\xyzxl\DoCommand.h(417): warning C4307: '*': integral constant overflow
c:\users\amitv\desktop\xyzxl\xyzxl\DoCommand.h(421): warning C4307: '*': integral constant overflow
c:\users\amitv\desktop\xyzxl\xyzxl\DoCommand.h(425): warning C4307: '*': integral constant overflow
c:\users\amitv\desktop\xyzxl\xyzxl\DoCommand.h(429): warning C4307: '*': integral constant overflow
c:\users\amitv\desktop\xyzxl\xyzxl\DoCommand.h(452): warning C4307: '*': integral constant overflow
c:\users\amitv\desktop\xyzxl\xyzxl\DoCommand.h(456): warning C4307: '*': integral constant overflow
c:\users\amitv\desktop\xyzxl\xyzxl\DoCommand.h(466): warning C4307: '*': integral constant overflow
c:\users\amitv\desktop\xyzxl\xyzxl\DoCommand.h(549): warning C4307: '*': integral constant overflow
c:\users\amitv\desktop\xyzxl\xyzxl\DoCommand.h(594): warning C4307: '*': integral constant overflow
c:\users\amitv\desktop\xyzxl\xyzxl\DoCommand.h(639): warning C4307: '*': integral constant overflow
c:\users\amitv\desktop\xyzxl\xyzxl\DoCommand.h(653): warning C4307: '*': integral constant overflow
c:\users\amitv\desktop\xyzxl\xyzxl\DoCommand.h(667): warning C4307: '*': integral constant overflow
c:\users\amitv\desktop\xyzxl\xyzxl\DoCommand.h(678): warning C4307: '*': integral constant overflow
c:\users\amitv\desktop\xyzxl\xyzxl\DoCommand.h(689): warning C4307: '*': integral constant overflow
c:\users\amitv\desktop\xyzxl\xyzxl\DoCommand.h(727): warning C4307: '*': integral constant overflow
c:\users\amitv\desktop\xyzxl\xyzxl\DoCommand.h(765): warning C4307: '*': integral constant overflow
c:\users\amitv\desktop\xyzxl\xyzxl\DoCommand.h(789): warning C4307: '*': integral constant overflow
c:\users\amitv\desktop\xyzxl\xyzxl\DoCommand.h(793): warning C4307: '*': integral constant overflow
c:\users\amitv\desktop\xyzxl\xyzxl\DoCommand.h(800): warning C4307: '*': integral constant overflow
c:\users\amitv\desktop\xyzxl\xyzxl\DoCommand.h(836): warning C4307: '*': integral constant overflow
c:\users\amitv\desktop\xyzxl\xyzxl\DoCommand.h(850): warning C4307: '*': integral constant overflow
c:\users\amitv\desktop\xyzxl\xyzxl\DoCommand.h(861): warning C4307: '*': integral constant overflow
c:\users\amitv\desktop\xyzxl\xyzxl\DoCommand.h(875): warning C4307: '*': integral constant overflow
c:\users\amitv\desktop\xyzxl\xyzxl\DoCommand.h(889): warning C4307: '*': integral constant overflow
c:\users\amitv\desktop\xyzxl\xyzxl\DoCommand.h(903): warning C4307: '*': integral constant overflow
c:\users\amitv\desktop\xyzxl\xyzxl\DoCommand.h(919): warning C4307: '*': integral constant overflow
c:\users\amitv\desktop\xyzxl\xyzxl\DoCommand.h(950): warning C4307: '*': integral constant overflow
c:\users\amitv\desktop\xyzxl\xyzxl\DoCommand.h(981): warning C4307: '*': integral constant overflow
c:\users\amitv\desktop\xyzxl\xyzxl\DoCommand.h(1011): warning C4307: '*': integral constant overflow
c:\users\amitv\desktop\xyzxl\xyzxl\DoCommand.h(1031): warning C4307: '*': integral constant overflow
c:\users\amitv\desktop\xyzxl\xyzxl\DoCommand.h(1051): warning C4307: '*': integral constant overflow
c:\users\amitv\desktop\xyzxl\xyzxl\DoCommand.h(1075): warning C4307: '*': integral constant overflow
c:\users\amitv\desktop\xyzxl\xyzxl\DoCommand.h(1087): warning C4307: '*': integral constant overflow
c:\users\amitv\desktop\xyzxl\xyzxl\DoCommand.h(1099): warning C4307: '*': integral constant overflow
c:\users\amitv\desktop\xyzxl\xyzxl\DoCommand.h(1103): warning C4307: '*': integral constant overflow
c:\users\amitv\desktop\xyzxl\xyzxl\DoCommand.h(1125): warning C4307: '*': integral constant overflow
c:\users\amitv\desktop\xyzxl\xyzxl\DoCommand.h(1153): warning C4307: '*': integral constant overflow
c:\users\amitv\desktop\xyzxl\xyzxl\DoCommand.h(1165): warning C4307: '*': integral constant overflow
c:\users\amitv\desktop\xyzxl\xyzxl\DoCommand.h(1180): warning C4307: '*': integral constant overflow
c:\users\amitv\desktop\xyzxl\xyzxl\DoCommand.h(1187): warning C4307: '*': integral constant overflow
c:\users\amitv\desktop\xyzxl\xyzxl\DoCommand.h(1205): warning C4307: '*': integral constant overflow
c:\users\amitv\desktop\xyzxl\xyzxl\DoCommand.h(1221): warning C4307: '*': integral constant overflow
c:\users\amitv\desktop\xyzxl\xyzxl\DoCommand.h(1258): warning C4307: '*': integral constant overflow
c:\users\amitv\desktop\xyzxl\xyzxl\DoCommand.h(1295): warning C4307: '*': integral constant overflow
c:\users\amitv\desktop\xyzxl\xyzxl\DoCommand.h(1310): warning C4307: '*': integral constant overflow
c:\users\amitv\desktop\xyzxl\xyzxl\DoCommand.h(1313): warning C4307: '*': integral constant overflow
c:\users\amitv\desktop\xyzxl\xyzxl\DoCommand.h(1315): warning C4244: 'initializing': conversion from 'float' to 'int', possible loss of data
c:\users\amitv\desktop\xyzxl\xyzxl\DoCommand.h(1341): warning C4307: '*': integral constant overflow
c:\users\amitv\desktop\xyzxl\xyzxl\DoCommand.h(1356): warning C4307: '*': integral constant overflow
c:\users\amitv\desktop\xyzxl\xyzxl\DoCommand.h(1372): warning C4307: '*': integral constant overflow
c:\users\amitv\desktop\xyzxl\xyzxl\DoCommand.h(1392): warning C4307: '*': integral constant overflow
c:\users\amitv\desktop\xyzxl\xyzxl\DoCommand.h(1412): warning C4307: '*': integral constant overflow
c:\users\amitv\desktop\xyzxl\xyzxl\DoCommand.h(1443): warning C4307: '*': integral constant overflow
c:\users\amitv\desktop\xyzxl\xyzxl\DoCommand.h(1451): warning C4307: '*': integral constant overflow
c:\users\amitv\desktop\xyzxl\xyzxl\DoCommand.h(1487): warning C4307: '*': integral constant overflow
c:\users\amitv\desktop\xyzxl\xyzxl\DoCommand.h(1542): warning C4307: '*': integral constant overflow
c:\users\amitv\desktop\xyzxl\xyzxl\DoCommand.h(1564): warning C4307: '*': integral constant overflow
c:\users\amitv\desktop\xyzxl\xyzxl\DoCommand.h(1597): warning C4307: '*': integral constant overflow
c:\users\amitv\desktop\xyzxl\xyzxl\DoCommand.h(1605): warning C4307: '*': integral constant overflow
c:\users\amitv\desktop\xyzxl\xyzxl\DoCommand.h(1637): warning C4307: '*': integral constant overflow
c:\users\amitv\desktop\xyzxl\xyzxl\DoCommand.h(1656): warning C4307: '*': integral constant overflow
c:\users\amitv\desktop\xyzxl\xyzxl\DoCommand.h(1660): warning C4307: '*': integral constant overflow
c:\users\amitv\desktop\xyzxl\xyzxl\DoCommand.h(1664): warning C4307: '*': integral constant overflow
c:\users\amitv\desktop\xyzxl\xyzxl\DoCommand.h(1671): warning C4307: '*': integral constant overflow
c:\users\amitv\desktop\xyzxl\xyzxl\DoCommand.h(1675): warning C4307: '*': integral constant overflow
c:\users\amitv\desktop\xyzxl\xyzxl\DoCommand.h(1679): warning C4307: '*': integral constant overflow
c:\users\amitv\desktop\xyzxl\xyzxl\DoCommand.h(1683): warning C4307: '*': integral constant overflow
c:\users\amitv\desktop\xyzxl\xyzxl\DoCommand.h(1737): warning C4307: '*': integral constant overflow
c:\users\amitv\desktop\xyzxl\xyzxl\DoCommand.h(1831): warning C4307: '*': integral constant overflow
c:\users\amitv\desktop\xyzxl\xyzxl\DoCommand.h(1887): warning C4307: '*': integral constant overflow
c:\users\amitv\desktop\xyzxl\xyzxl\DoCommand.h(1927): warning C4307: '*': integral constant overflow
c:\users\amitv\desktop\xyzxl\xyzxl\DoCommand.h(1967): warning C4307: '*': integral constant overflow
c:\users\amitv\desktop\xyzxl\xyzxl\DoCommand.h(2007): warning C4307: '*': integral constant overflow
c:\users\amitv\desktop\xyzxl\xyzxl\DoCommand.h(2059): warning C4307: '*': integral constant overflow
c:\users\amitv\desktop\xyzxl\xyzxl\DoCommand.h(2115): warning C4307: '*': integral constant overflow
c:\users\amitv\desktop\xyzxl\xyzxl\DoCommand.h(2187): warning C4307: '*': integral constant overflow
c:\users\amitv\desktop\xyzxl\xyzxl\DoCommand.h(2236): warning C4307: '*': integral constant overflow
c:\users\amitv\desktop\xyzxl\xyzxl\DoCommand.h(2285): warning C4307: '*': integral constant overflow
c:\users\amitv\desktop\xyzxl\xyzxl\DoCommand.h(2317): warning C4307: '*': integral constant overflow
c:\users\amitv\desktop\xyzxl\xyzxl\DoCommand.h(2386): warning C4307: '*': integral constant overflow
c:\users\amitv\desktop\xyzxl\xyzxl\DoCommand.h(2409): warning C4307: '*': integral constant overflow
c:\users\amitv\desktop\xyzxl\xyzxl\DoCommand.h(2432): warning C4307: '*': integral constant overflow
c:\users\amitv\desktop\xyzxl\xyzxl\DoCommand.h(2458): warning C4307: '*': integral constant overflow
c:\users\amitv\desktop\xyzxl\xyzxl\DoCommand.h(2483): warning C4307: '*': integral constant overflow
c:\users\amitv\desktop\xyzxl\xyzxl\DoCommand.h(2514): warning C4307: '*': integral constant overflow
c:\users\amitv\desktop\xyzxl\xyzxl\DoCommand.h(2519): warning C4307: '*': integral constant overflow
c:\users\amitv\desktop\xyzxl\xyzxl\DoCommand.h(2522): warning C4307: '*': integral constant overflow
c:\users\amitv\desktop\xyzxl\xyzxl\DoCommand.h(2547): warning C4307: '*': integral constant overflow
c:\users\amitv\desktop\xyzxl\xyzxl\DoCommand.h(2602): warning C4307: '*': integral constant overflow
c:\users\amitv\desktop\xyzxl\xyzxl\DoCommand.h(2607): warning C4307: '*': integral constant overflow
c:\users\amitv\desktop\xyzxl\xyzxl\DoCommand.h(2611): warning C4307: '*': integral constant overflow
c:\users\amitv\desktop\xyzxl\xyzxl\DoCommand.h(2629): warning C4307: '*': integral constant overflow
c:\users\amitv\desktop\xyzxl\xyzxl\DoCommand.h(2696): warning C4307: '*': integral constant overflow
c:\users\amitv\desktop\xyzxl\xyzxl\DoCommand.h(2767): warning C4307: '*': integral constant overflow
c:\users\amitv\desktop\xyzxl\xyzxl\DoCommand.h(2839): warning C4307: '*': integral constant overflow
c:\users\amitv\desktop\xyzxl\xyzxl\DoCommand.h(2846): warning C4307: '*': integral constant overflow
c:\users\amitv\desktop\xyzxl\xyzxl\DoCommand.h(2883): warning C4307: '*': integral constant overflow
c:\users\amitv\desktop\xyzxl\xyzxl\DoCommand.h(2937): warning C4307: '*': integral constant overflow
c:\users\amitv\desktop\xyzxl\xyzxl\DoCommand.h(2969): warning C4307: '*': integral constant overflow
c:\users\amitv\desktop\xyzxl\xyzxl\DoCommand.h(3031): warning C4307: '*': integral constant overflow
c:\users\amitv\desktop\xyzxl\xyzxl\DoCommand.h(3070): warning C4307: '*': integral constant overflow
c:\users\amitv\desktop\xyzxl\xyzxl\DoCommand.h(3101): warning C4307: '*': integral constant overflow
c:\users\amitv\desktop\xyzxl\xyzxl\DoCommand.h(3132): warning C4307: '*': integral constant overflow
c:\users\amitv\desktop\xyzxl\xyzxl\DoCommand.h(3169): warning C4307: '*': integral constant overflow
c:\users\amitv\desktop\xyzxl\xyzxl\DoCommand.h(3211): warning C4307: '*': integral constant overflow
c:\users\amitv\desktop\xyzxl\xyzxl\DoCommand.h(3242): warning C4307: '*': integral constant overflow
c:\users\amitv\desktop\xyzxl\xyzxl\DoCommand.h(3310): warning C4307: '*': integral constant overflow
c:\users\amitv\desktop\xyzxl\xyzxl\DoCommand.h(3344): warning C4307: '*': integral constant overflow
c:\users\amitv\desktop\xyzxl\xyzxl\DoCommand.h(3348): warning C4307: '*': integral constant overflow
c:\users\amitv\desktop\xyzxl\xyzxl\DoCommand.h(3352): warning C4307: '*': integral constant overflow
c:\users\amitv\desktop\xyzxl\xyzxl\DoCommand.h(3387): warning C4307: '*': integral constant overflow
c:\users\amitv\desktop\xyzxl\xyzxl\DoCommand.h(3413): warning C4307: '*': integral constant overflow
c:\users\amitv\desktop\xyzxl\xyzxl\DoCommand.h(3440): warning C4307: '*': integral constant overflow
c:\users\amitv\desktop\xyzxl\xyzxl\DoCommand.h(3495): warning C4307: '*': integral constant overflow
c:\users\amitv\desktop\xyzxl\xyzxl\DoCommand.h(3525): warning C4307: '*': integral constant overflow
c:\users\amitv\desktop\xyzxl\xyzxl\DoCommand.h(3580): warning C4307: '*': integral constant overflow
c:\users\amitv\desktop\xyzxl\xyzxl\DoCommand.h(3608): warning C4307: '*': integral constant overflow
c:\users\amitv\desktop\xyzxl\xyzxl\DoCommand.h(3629): warning C4307: '*': integral constant overflow
c:\users\amitv\desktop\xyzxl\xyzxl\DoCommand.h(3655): warning C4307: '*': integral constant overflow
c:\users\amitv\desktop\xyzxl\xyzxl\DoCommand.h(3735): warning C4307: '*': integral constant overflow
c:\users\amitv\desktop\xyzxl\xyzxl\DoCommand.h(3815): warning C4307: '*': integral constant overflow
c:\users\amitv\desktop\xyzxl\xyzxl\DoCommand.h(3935): warning C4307: '*': integral constant overflow
c:\users\amitv\desktop\xyzxl\xyzxl\form.h(149): warning C4996: 'freopen': This function or variable may be unsafe. Consider using freopen_s instead. To disable deprecation, use _CRT_SECURE_NO_WARNINGS. See online help for details.
  C:\Program Files (x86)\Windows Kits\10\Include\10.0.10240.0\ucrt\stdio.h(240): note: see declaration of 'freopen'
c:\users\amitv\desktop\xyzxl\xyzxl\form.h(150): warning C4996: 'freopen': This function or variable may be unsafe. Consider using freopen_s instead. To disable deprecation, use _CRT_SECURE_NO_WARNINGS. See online help for details.
  C:\Program Files (x86)\Windows Kits\10\Include\10.0.10240.0\ucrt\stdio.h(240): note: see declaration of 'freopen'
c:\users\amitv\desktop\xyzxl\xyzxl\form.h(465): warning C4302: 'type cast': truncation from 'LPSTR' to 'WORD'
c:\users\amitv\desktop\xyzxl\xyzxl\form.h(466): warning C4302: 'type cast': truncation from 'LPSTR' to 'WORD'
c:\users\amitv\desktop\xyzxl\xyzxl\form.h(483): warning C4101: 'mousePos': unreferenced local variable
c:\users\amitv\desktop\xyzxl\xyzxl\form.h(573): warning C4996: 'sprintf': This function or variable may be unsafe. Consider using sprintf_s instead. To disable deprecation, use _CRT_SECURE_NO_WARNINGS. See online help for details.
  C:\Program Files (x86)\Windows Kits\10\Include\10.0.10240.0\ucrt\stdio.h(1769): note: see declaration of 'sprintf'
c:\users\amitv\desktop\xyzxl\xyzxl\form.h(599): warning C4018: '<': signed/unsigned mismatch
c:\users\amitv\desktop\xyzxl\xyzxl\form.h(604): warning C4244: '=': conversion from 'std::streamoff' to 'long', possible loss of data
  Events.cpp
c:\users\amitv\desktop\xyzxl\xyzxl\UDim2.h(14): warning C4005: 'lua_col3_classname': macro redefinition
  c:\users\amitv\desktop\xyzxl\xyzxl\Color3.h(14): note: see previous definition of 'lua_col3_classname'
c:\users\amitv\desktop\xyzxl\xyzxl\NumberRange.h(14): warning C4005: 'lua_col3_classname': macro redefinition
  c:\users\amitv\desktop\xyzxl\xyzxl\UDim2.h(14): note: see previous definition of 'lua_col3_classname'
c:\users\amitv\desktop\xyzxl\xyzxl\CFrame.h(14): warning C4005: 'lua_col3_classname': macro redefinition
  c:\users\amitv\desktop\xyzxl\xyzxl\NumberRange.h(14): note: see previous definition of 'lua_col3_classname'
c:\users\amitv\desktop\xyzxl\xyzxl\XYZ_DB.h(30): warning C4005: 'rbxaddy': macro redefinition
  c:\users\amitv\desktop\xyzxl\xyzxl\Addresses_1.h(5): note: see previous definition of 'rbxaddy'
c:\users\amitv\desktop\xyzxl\xyzxl\XYZ_DB.h(385): warning C4018: '<': signed/unsigned mismatch
c:\users\amitv\desktop\xyzxl\xyzxl\MainLua.h(96): warning C4244: '=': conversion from 'DWORD' to 'char', possible loss of data
c:\users\amitv\desktop\xyzxl\xyzxl\MainLua.h(254): warning C4309: '=': truncation of constant value
c:\users\amitv\desktop\xyzxl\xyzxl\MainLua.h(852): warning C4244: 'argument': conversion from '__int64' to 'lua_Number', possible loss of data
c:\users\amitv\desktop\xyzxl\xyzxl\MainLua.h(1320): warning C4018: '<': signed/unsigned mismatch
c:\users\amitv\desktop\xyzxl\xyzxl\MainLua.h(1355): warning C4018: '<': signed/unsigned mismatch
c:\users\amitv\desktop\xyzxl\xyzxl\MainLua.h(1370): warning C4018: '<': signed/unsigned mismatch
c:\users\amitv\desktop\xyzxl\xyzxl\MainLua.h(1385): warning C4018: '<': signed/unsigned mismatch
c:\users\amitv\desktop\xyzxl\xyzxl\MainLua.h(1570): warning C4018: '<': signed/unsigned mismatch
c:\users\amitv\desktop\xyzxl\xyzxl\MainLua.h(1585): warning C4018: '<': signed/unsigned mismatch
c:\users\amitv\desktop\xyzxl\xyzxl\MainLua.h(1907): warning C4244: 'initializing': conversion from 'double' to 'int', possible loss of data
c:\users\amitv\desktop\xyzxl\xyzxl\MainLua.h(2592): warning C4244: 'initializing': conversion from 'lua_Number' to 'int', possible loss of data
c:\users\amitv\desktop\xyzxl\xyzxl\MainLua.h(2602): warning C4244: 'initializing': conversion from 'lua_Number' to 'int', possible loss of data
c:\users\amitv\desktop\xyzxl\xyzxl\MainLua.h(3479): warning C4244: 'initializing': conversion from 'lua_Number' to 'int', possible loss of data
c:\users\amitv\desktop\xyzxl\xyzxl\MainLua.h(3488): warning C4244: 'initializing': conversion from 'lua_Number' to 'int', possible loss of data
c:\users\amitv\desktop\xyzxl\xyzxl\MainLua.h(3498): warning C4244: 'initializing': conversion from 'lua_Number' to 'int', possible loss of data
c:\users\amitv\desktop\xyzxl\xyzxl\MainLua.h(3508): warning C4244: 'initializing': conversion from 'lua_Number' to 'int', possible loss of data
c:\users\amitv\desktop\xyzxl\xyzxl\MainLua.h(3518): warning C4244: 'initializing': conversion from 'lua_Number' to 'int', possible loss of data
c:\users\amitv\desktop\xyzxl\xyzxl\MainLua.h(3528): warning C4244: 'initializing': conversion from 'lua_Number' to 'int', possible loss of data
c:\users\amitv\desktop\xyzxl\xyzxl\MainLua.h(3538): warning C4244: 'initializing': conversion from 'lua_Number' to 'int', possible loss of data
c:\users\amitv\desktop\xyzxl\xyzxl\MainLua.h(3548): warning C4244: 'initializing': conversion from 'lua_Number' to 'int', possible loss of data
c:\users\amitv\desktop\xyzxl\xyzxl\MainLua.h(3558): warning C4244: 'initializing': conversion from 'lua_Number' to 'int', possible loss of data
c:\users\amitv\desktop\xyzxl\xyzxl\MainLua.h(3568): warning C4244: 'initializing': conversion from 'lua_Number' to 'int', possible loss of data
c:\users\amitv\desktop\xyzxl\xyzxl\MainLua.h(3578): warning C4244: 'initializing': conversion from 'lua_Number' to 'int', possible loss of data
c:\users\amitv\desktop\xyzxl\xyzxl\MainLua.h(3589): warning C4244: 'initializing': conversion from 'lua_Number' to 'int', possible loss of data
c:\users\amitv\desktop\xyzxl\xyzxl\MainLua.h(3600): warning C4244: 'initializing': conversion from 'lua_Number' to 'int', possible loss of data
c:\users\amitv\desktop\xyzxl\xyzxl\MainLua.h(3610): warning C4244: 'initializing': conversion from 'lua_Number' to 'int', possible loss of data
c:\users\amitv\desktop\xyzxl\xyzxl\MainLua.h(4057): warning C4244: 'initializing': conversion from 'lua_Number' to 'int', possible loss of data
c:\users\amitv\desktop\xyzxl\xyzxl\MainLua.h(4063): warning C4244: 'initializing': conversion from 'lua_Number' to 'int', possible loss of data
c:\users\amitv\desktop\xyzxl\xyzxl\MainLua.h(4070): warning C4244: 'initializing': conversion from 'lua_Number' to 'int', possible loss of data
c:\users\amitv\desktop\xyzxl\xyzxl\MainLua.h(4077): warning C4244: 'initializing': conversion from 'lua_Number' to 'int', possible loss of data
c:\users\amitv\desktop\xyzxl\xyzxl\MainLua.h(4101): warning C4244: 'initializing': conversion from 'lua_Number' to 'int', possible loss of data
c:\users\amitv\desktop\xyzxl\xyzxl\MainLua.h(4108): warning C4244: 'initializing': conversion from 'lua_Number' to 'int', possible loss of data
c:\users\amitv\desktop\xyzxl\xyzxl\MainLua.h(4115): warning C4244: 'initializing': conversion from 'lua_Number' to 'int', possible loss of data
c:\users\amitv\desktop\xyzxl\xyzxl\MainLua.h(4916): warning C4065: switch statement contains 'default' but no 'case' labels
c:\users\amitv\desktop\xyzxl\xyzxl\MainLua.h(5173): warning C4002: too many actual parameters for macro 'SETBITS'
c:\users\amitv\desktop\xyzxl\xyzxl\MainLua.h(5174): warning C4002: too many actual parameters for macro 'SETBITS'
c:\users\amitv\desktop\xyzxl\xyzxl\MainLua.h(5175): warning C4002: too many actual parameters for macro 'SETBITS'
c:\users\amitv\desktop\xyzxl\xyzxl\MainLua.h(5179): warning C4002: too many actual parameters for macro 'SETBITS'
c:\users\amitv\desktop\xyzxl\xyzxl\MainLua.h(5180): warning C4002: too many actual parameters for macro 'SETBITS'
c:\users\amitv\desktop\xyzxl\xyzxl\MainLua.h(5184): warning C4002: too many actual parameters for macro 'SETBITS'
c:\users\amitv\desktop\xyzxl\xyzxl\MainLua.h(5185): warning C4002: too many actual parameters for macro 'SETBITS'
c:\users\amitv\desktop\xyzxl\xyzxl\MainLua.h(5373): warning C4244: 'initializing': conversion from 'lua_Number' to 'int', possible loss of data
c:\users\amitv\desktop\xyzxl\xyzxl\MainLua.h(5469): warning C4244: '=': conversion from 'lua_Number' to 'int', possible loss of data
c:\users\amitv\desktop\xyzxl\xyzxl\MainLua.h(5517): warning C4244: '=': conversion from 'lua_Number' to 'int', possible loss of data
c:\users\amitv\desktop\xyzxl\xyzxl\MainLua.h(5544): warning C4244: 'initializing': conversion from 'lua_Number' to 'int', possible loss of data
c:\users\amitv\desktop\xyzxl\xyzxl\MainLua.h(5561): warning C4244: 'initializing': conversion from 'lua_Number' to 'int', possible loss of data
c:\users\amitv\desktop\xyzxl\xyzxl\MainLua.h(5575): warning C4244: 'initializing': conversion from 'lua_Number' to 'int', possible loss of data
c:\users\amitv\desktop\xyzxl\xyzxl\MainLua.h(5611): warning C4244: '=': conversion from 'lua_Number' to 'int', possible loss of data
c:\users\amitv\desktop\xyzxl\xyzxl\MainLua.h(5682): warning C4244: 'initializing': conversion from 'lua_Number' to 'int', possible loss of data
c:\users\amitv\desktop\xyzxl\xyzxl\MainLua.h(5746): warning C4244: 'initializing': conversion from 'lua_Number' to 'int', possible loss of data
  UI.cpp
c:\users\amitv\desktop\xyzxl\xyzxl\XYZ_DB.h(385): warning C4018: '<': signed/unsigned mismatch
c:\users\amitv\desktop\xyzxl\xyzxl\Addresses_1.h(5): warning C4005: 'rbxaddy': macro redefinition
  c:\users\amitv\desktop\xyzxl\xyzxl\XYZ_DB.h(30): note: see previous definition of 'rbxaddy'
c:\users\amitv\desktop\xyzxl\xyzxl\UDim2.h(14): warning C4005: 'lua_col3_classname': macro redefinition
  c:\users\amitv\desktop\xyzxl\xyzxl\Color3.h(14): note: see previous definition of 'lua_col3_classname'
c:\users\amitv\desktop\xyzxl\xyzxl\NumberRange.h(14): warning C4005: 'lua_col3_classname': macro redefinition
  c:\users\amitv\desktop\xyzxl\xyzxl\UDim2.h(14): note: see previous definition of 'lua_col3_classname'
c:\users\amitv\desktop\xyzxl\xyzxl\CFrame.h(14): warning C4005: 'lua_col3_classname': macro redefinition
  c:\users\amitv\desktop\xyzxl\xyzxl\NumberRange.h(14): note: see previous definition of 'lua_col3_classname'
c:\users\amitv\desktop\xyzxl\xyzxl\MainLua.h(96): warning C4244: '=': conversion from 'DWORD' to 'char', possible loss of data
c:\users\amitv\desktop\xyzxl\xyzxl\MainLua.h(254): warning C4309: '=': truncation of constant value
c:\users\amitv\desktop\xyzxl\xyzxl\MainLua.h(852): warning C4244: 'argument': conversion from '__int64' to 'lua_Number', possible loss of data
c:\users\amitv\desktop\xyzxl\xyzxl\MainLua.h(1320): warning C4018: '<': signed/unsigned mismatch
c:\users\amitv\desktop\xyzxl\xyzxl\MainLua.h(1355): warning C4018: '<': signed/unsigned mismatch
c:\users\amitv\desktop\xyzxl\xyzxl\MainLua.h(1370): warning C4018: '<': signed/unsigned mismatch
c:\users\amitv\desktop\xyzxl\xyzxl\MainLua.h(1385): warning C4018: '<': signed/unsigned mismatch
c:\users\amitv\desktop\xyzxl\xyzxl\MainLua.h(1570): warning C4018: '<': signed/unsigned mismatch
c:\users\amitv\desktop\xyzxl\xyzxl\MainLua.h(1585): warning C4018: '<': signed/unsigned mismatch
c:\users\amitv\desktop\xyzxl\xyzxl\MainLua.h(1907): warning C4244: 'initializing': conversion from 'double' to 'int', possible loss of data
c:\users\amitv\desktop\xyzxl\xyzxl\MainLua.h(2592): warning C4244: 'initializing': conversion from 'lua_Number' to 'int', possible loss of data
c:\users\amitv\desktop\xyzxl\xyzxl\MainLua.h(2602): warning C4244: 'initializing': conversion from 'lua_Number' to 'int', possible loss of data
c:\users\amitv\desktop\xyzxl\xyzxl\MainLua.h(3479): warning C4244: 'initializing': conversion from 'lua_Number' to 'int', possible loss of data
c:\users\amitv\desktop\xyzxl\xyzxl\MainLua.h(3488): warning C4244: 'initializing': conversion from 'lua_Number' to 'int', possible loss of data
c:\users\amitv\desktop\xyzxl\xyzxl\MainLua.h(3498): warning C4244: 'initializing': conversion from 'lua_Number' to 'int', possible loss of data
c:\users\amitv\desktop\xyzxl\xyzxl\MainLua.h(3508): warning C4244: 'initializing': conversion from 'lua_Number' to 'int', possible loss of data
c:\users\amitv\desktop\xyzxl\xyzxl\MainLua.h(3518): warning C4244: 'initializing': conversion from 'lua_Number' to 'int', possible loss of data
c:\users\amitv\desktop\xyzxl\xyzxl\MainLua.h(3528): warning C4244: 'initializing': conversion from 'lua_Number' to 'int', possible loss of data
c:\users\amitv\desktop\xyzxl\xyzxl\MainLua.h(3538): warning C4244: 'initializing': conversion from 'lua_Number' to 'int', possible loss of data
c:\users\amitv\desktop\xyzxl\xyzxl\MainLua.h(3548): warning C4244: 'initializing': conversion from 'lua_Number' to 'int', possible loss of data
c:\users\amitv\desktop\xyzxl\xyzxl\MainLua.h(3558): warning C4244: 'initializing': conversion from 'lua_Number' to 'int', possible loss of data
c:\users\amitv\desktop\xyzxl\xyzxl\MainLua.h(3568): warning C4244: 'initializing': conversion from 'lua_Number' to 'int', possible loss of data
c:\users\amitv\desktop\xyzxl\xyzxl\MainLua.h(3578): warning C4244: 'initializing': conversion from 'lua_Number' to 'int', possible loss of data
c:\users\amitv\desktop\xyzxl\xyzxl\MainLua.h(3589): warning C4244: 'initializing': conversion from 'lua_Number' to 'int', possible loss of data
c:\users\amitv\desktop\xyzxl\xyzxl\MainLua.h(3600): warning C4244: 'initializing': conversion from 'lua_Number' to 'int', possible loss of data
c:\users\amitv\desktop\xyzxl\xyzxl\MainLua.h(3610): warning C4244: 'initializing': conversion from 'lua_Number' to 'int', possible loss of data
c:\users\amitv\desktop\xyzxl\xyzxl\MainLua.h(4057): warning C4244: 'initializing': conversion from 'lua_Number' to 'int', possible loss of data
c:\users\amitv\desktop\xyzxl\xyzxl\MainLua.h(4063): warning C4244: 'initializing': conversion from 'lua_Number' to 'int', possible loss of data
c:\users\amitv\desktop\xyzxl\xyzxl\MainLua.h(4070): warning C4244: 'initializing': conversion from 'lua_Number' to 'int', possible loss of data
c:\users\amitv\desktop\xyzxl\xyzxl\MainLua.h(4077): warning C4244: 'initializing': conversion from 'lua_Number' to 'int', possible loss of data
c:\users\amitv\desktop\xyzxl\xyzxl\MainLua.h(4101): warning C4244: 'initializing': conversion from 'lua_Number' to 'int', possible loss of data
c:\users\amitv\desktop\xyzxl\xyzxl\MainLua.h(4108): warning C4244: 'initializing': conversion from 'lua_Number' to 'int', possible loss of data
c:\users\amitv\desktop\xyzxl\xyzxl\MainLua.h(4115): warning C4244: 'initializing': conversion from 'lua_Number' to 'int', possible loss of data
c:\users\amitv\desktop\xyzxl\xyzxl\MainLua.h(4916): warning C4065: switch statement contains 'default' but no 'case' labels
c:\users\amitv\desktop\xyzxl\xyzxl\MainLua.h(5173): warning C4002: too many actual parameters for macro 'SETBITS'
c:\users\amitv\desktop\xyzxl\xyzxl\MainLua.h(5174): warning C4002: too many actual parameters for macro 'SETBITS'
c:\users\amitv\desktop\xyzxl\xyzxl\MainLua.h(5175): warning C4002: too many actual parameters for macro 'SETBITS'
c:\users\amitv\desktop\xyzxl\xyzxl\MainLua.h(5179): warning C4002: too many actual parameters for macro 'SETBITS'
c:\users\amitv\desktop\xyzxl\xyzxl\MainLua.h(5180): warning C4002: too many actual parameters for macro 'SETBITS'
c:\users\amitv\desktop\xyzxl\xyzxl\MainLua.h(5184): warning C4002: too many actual parameters for macro 'SETBITS'
c:\users\amitv\desktop\xyzxl\xyzxl\MainLua.h(5185): warning C4002: too many actual parameters for macro 'SETBITS'
c:\users\amitv\desktop\xyzxl\xyzxl\MainLua.h(5373): warning C4244: 'initializing': conversion from 'lua_Number' to 'int', possible loss of data
c:\users\amitv\desktop\xyzxl\xyzxl\MainLua.h(5469): warning C4244: '=': conversion from 'lua_Number' to 'int', possible loss of data
c:\users\amitv\desktop\xyzxl\xyzxl\MainLua.h(5517): warning C4244: '=': conversion from 'lua_Number' to 'int', possible loss of data
c:\users\amitv\desktop\xyzxl\xyzxl\MainLua.h(5544): warning C4244: 'initializing': conversion from 'lua_Number' to 'int', possible loss of data
c:\users\amitv\desktop\xyzxl\xyzxl\MainLua.h(5561): warning C4244: 'initializing': conversion from 'lua_Number' to 'int', possible loss of data
c:\users\amitv\desktop\xyzxl\xyzxl\MainLua.h(5575): warning C4244: 'initializing': conversion from 'lua_Number' to 'int', possible loss of data
c:\users\amitv\desktop\xyzxl\xyzxl\MainLua.h(5611): warning C4244: '=': conversion from 'lua_Number' to 'int', possible loss of data
c:\users\amitv\desktop\xyzxl\xyzxl\MainLua.h(5682): warning C4244: 'initializing': conversion from 'lua_Number' to 'int', possible loss of data
c:\users\amitv\desktop\xyzxl\xyzxl\MainLua.h(5746): warning C4244: 'initializing': conversion from 'lua_Number' to 'int', possible loss of data
UI.cpp(41): warning C4996: 'vsprintf': This function or variable may be unsafe. Consider using vsprintf_s instead. To disable deprecation, use _CRT_SECURE_NO_WARNINGS. See online help for details.
  C:\Program Files (x86)\Windows Kits\10\Include\10.0.10240.0\ucrt\stdio.h(1465): note: see declaration of 'vsprintf'
UI.cpp(241): warning C4244: 'argument': conversion from 'double' to 'int', possible loss of data
  lapi.c
  lauxlib.c
  lbaselib.c
  lcode.c
  ldblib.c
  ldebug.c
  ldo.c
  ldump.c
  lfunc.c
  lgc.c
  linit.c
  liolib.c
  llex.c
  lmathlib.c
  lmem.c
  loadlib.c
  lobject.c
  lopcodes.c
  loslib.c
  lparser.c
  Compiling...
  lstate.c
  lstring.c
  lstrlib.c
  ltable.c
  ltablib.c
  ltm.c
  lua.c
  luac.c
  lundump.c
  lvm.c
  lzio.c
  print.c
     Creating library C:\Users\amitv\Desktop\XYZxl\Release\Halcyon7.lib and object C:\Users\amitv\Desktop\XYZxl\Release\Halcyon7.exp
  Generating code
c:\users\amitv\desktop\xyzxl\xyzxl\mainlua.h(5762): warning C4715: 'NewIndex': not all control paths return a value
c:\users\amitv\desktop\xyzxl\xyzxl\mainlua.h(5708): warning C4715: 'Index': not all control paths return a value
c:\users\amitv\desktop\xyzxl\xyzxl\mainlua.h(887): warning C4715: 'luaSpawn': not all control paths return a value
c:\users\amitv\desktop\xyzxl\xyzxl\mainlua.h(887): warning C4715: 'luaSpawn': not all control paths return a value
c:\users\amitv\desktop\xyzxl\xyzxl\mainlua.h(903): warning C4715: 'luaDelay': not all control paths return a value
c:\users\amitv\desktop\xyzxl\xyzxl\mainlua.h(903): warning C4715: 'luaDelay': not all control paths return a value
  All 3709 functions were compiled because no usable IPDB/IOBJ from previous compilation was found.
  Finished generating code
Events.obj : warning LNK4049: locally defined symbol _lua_resume imported
Events.obj : warning LNK4049: locally defined symbol _lua_yield imported
  XYZxl.vcxproj -> C:\Users\amitv\Desktop\XYZxl\Release\Halcyon7.dll
  XYZxl.vcxproj -> C:\Users\amitv\Desktop\XYZxl\Release\Halcyon7.pdb (Full PDB)
