Build started 11/05/2017 23:04:31.
     1>Project "C:\Users\Sean\Desktop\Blackout\Blackout.vcxproj" on node 2 (Build target(s)).
     1>ClCompile:
         C:\Program Files (x86)\Microsoft Visual Studio 12.0\VC\bin\CL.exe /c /Zi /nologo /W3 /WX- /O2 /Oi /Oy- /GL /D WIN32 /D NDEBUG /D _WINDOWS /D _USRDLL /D BLACKOUT_EXPORTS /D _WINDLL /D _MBCS /Gm- /EHsc /MD /GS /Gy /fp:precise /Zc:wchar_t /Zc:forScope /Fo"Release\\" /Fd"Release\vc120.pdb" /Gd /TP /analyze- /errorReport:prompt main.cpp
         main.cpp
     1>c:\users\sean\desktop\blackout\util.h(64): warning C4018: '<' : signed/unsigned mismatch
     1>c:\users\sean\desktop\blackout\util.h(110): warning C4996: 'freopen': This function or variable may be unsafe. Consider using freopen_s instead. To disable deprecation, use _CRT_SECURE_NO_WARNINGS. See online help for details.
                 C:\Program Files (x86)\Microsoft Visual Studio 12.0\VC\include\stdio.h(226) : see declaration of 'freopen'
     1>c:\users\sean\desktop\blackout\util.h(111): warning C4996: 'freopen': This function or variable may be unsafe. Consider using freopen_s instead. To disable deprecation, use _CRT_SECURE_NO_WARNINGS. See online help for details.
                 C:\Program Files (x86)\Microsoft Visual Studio 12.0\VC\include\stdio.h(226) : see declaration of 'freopen'
     1>c:\users\sean\desktop\blackout\blackoutlua.h(73): warning C4018: '<' : signed/unsigned mismatch
     1>c:\users\sean\desktop\blackout\commands.h(99): warning C4018: '<' : signed/unsigned mismatch
     1>c:\users\sean\desktop\blackout\commands.h(110): warning C4018: '<' : signed/unsigned mismatch
     1>c:\users\sean\desktop\blackout\commands.h(118): warning C4018: '<' : signed/unsigned mismatch
     1>c:\users\sean\desktop\blackout\commands.h(136): warning C4018: '<' : signed/unsigned mismatch
     1>c:\users\sean\desktop\blackout\commands.h(822): warning C4018: '<' : signed/unsigned mismatch
     1>c:\users\sean\desktop\blackout\commands.h(977): warning C4018: '<' : signed/unsigned mismatch
     1>c:\users\sean\desktop\blackout\commands.h(978): warning C4018: '<' : signed/unsigned mismatch
     1>c:\users\sean\desktop\blackout\commands.h(1362): warning C4018: '<' : signed/unsigned mismatch
     1>c:\users\sean\desktop\blackout\commands.h(1374): warning C4805: '==' : unsafe mix of type 'INT' and type 'bool' in operation
     1>c:\users\sean\desktop\blackout\commands.h(1390): warning C4018: '<' : signed/unsigned mismatch
     1>c:\users\sean\desktop\blackout\commands.h(1402): warning C4805: '==' : unsafe mix of type 'INT' and type 'bool' in operation
     1>c:\users\sean\desktop\blackout\commands.h(1462): warning C4018: '<' : signed/unsigned mismatch
     1>c:\users\sean\desktop\blackout\commands.h(1470): warning C4805: '==' : unsafe mix of type 'INT' and type 'bool' in operation
     1>c:\users\sean\desktop\blackout\commands.h(1481): warning C4018: '<' : signed/unsigned mismatch
     1>c:\users\sean\desktop\blackout\commands.h(1489): warning C4805: '==' : unsafe mix of type 'INT' and type 'bool' in operation
     1>main.cpp(43): warning C4007: 'DllMain' : must be '__stdcall'
       Link:
         C:\Program Files (x86)\Microsoft Visual Studio 12.0\VC\bin\link.exe /ERRORREPORT:PROMPT /OUT:"C:\Users\Sean\Desktop\Blackout\Release\Blackout.dll" /INCREMENTAL:NO /NOLOGO kernel32.lib user32.lib gdi32.lib winspool.lib comdlg32.lib advapi32.lib shell32.lib ole32.lib oleaut32.lib uuid.lib odbc32.lib odbccp32.lib /MANIFEST /MANIFESTUAC:"level='asInvoker' uiAccess='false'" /manifest:embed /DEBUG /PDB:"C:\Users\Sean\Desktop\Blackout\Release\Blackout.pdb" /SUBSYSTEM:WINDOWS /OPT:REF /OPT:ICF /LTCG /TLBID:1 /DYNAMICBASE /NXCOMPAT /IMPLIB:"C:\Users\Sean\Desktop\Blackout\Release\Blackout.lib" /MACHINE:X86 /SAFESEH /DLL Release\main.obj
         Release\memory.obj
         Generating code
     1>c:\users\sean\desktop\blackout\memory.cpp(39): warning C4715: 'Memory::Scan' : not all control paths return a value
         Finished generating code
         Blackout.vcxproj -> C:\Users\Sean\Desktop\Blackout\Release\Blackout.dll
     1>Done Building Project "C:\Users\Sean\Desktop\Blackout\Blackout.vcxproj" (Build target(s)).

Build succeeded.

Time Elapsed 00:00:02.79
