c:\users\ethan\onedrive\desktop\sk8r\v3rm\release\vc141.pdb
c:\users\ethan\onedrive\desktop\sk8r\v3rm\release\memory.obj
c:\users\ethan\onedrive\desktop\sk8r\v3rm\release\main.obj
c:\users\ethan\onedrive\desktop\sk8r\v3rm\release\imgui_widgets.obj
c:\users\ethan\onedrive\desktop\sk8r\v3rm\release\imgui_impl_win32.obj
c:\users\ethan\onedrive\desktop\sk8r\v3rm\release\imgui_impl_dx11.obj
c:\users\ethan\onedrive\desktop\sk8r\v3rm\release\imgui_draw.obj
c:\users\ethan\onedrive\desktop\sk8r\v3rm\release\imgui_demo.obj
c:\users\ethan\onedrive\desktop\sk8r\v3rm\release\imgui.obj
c:\users\ethan\onedrive\desktop\sk8r\v3rm\release\lparser.obj
c:\users\ethan\onedrive\desktop\sk8r\v3rm\release\loslib.obj
c:\users\ethan\onedrive\desktop\sk8r\v3rm\release\lopcodes.obj
c:\users\ethan\onedrive\desktop\sk8r\v3rm\release\lobject.obj
c:\users\ethan\onedrive\desktop\sk8r\v3rm\release\loadlib.obj
c:\users\ethan\onedrive\desktop\sk8r\v3rm\release\lmem.obj
c:\users\ethan\onedrive\desktop\sk8r\v3rm\release\lmathlib.obj
c:\users\ethan\onedrive\desktop\sk8r\v3rm\release\llex.obj
c:\users\ethan\onedrive\desktop\sk8r\v3rm\release\liolib.obj
c:\users\ethan\onedrive\desktop\sk8r\v3rm\release\linit.obj
c:\users\ethan\onedrive\desktop\sk8r\v3rm\release\lgc.obj
c:\users\ethan\onedrive\desktop\sk8r\v3rm\release\lfunc.obj
c:\users\ethan\onedrive\desktop\sk8r\v3rm\release\ldump.obj
c:\users\ethan\onedrive\desktop\sk8r\v3rm\release\ldo.obj
c:\users\ethan\onedrive\desktop\sk8r\v3rm\release\ldebug.obj
c:\users\ethan\onedrive\desktop\sk8r\v3rm\release\ldblib.obj
c:\users\ethan\onedrive\desktop\sk8r\v3rm\release\lcode.obj
c:\users\ethan\onedrive\desktop\sk8r\v3rm\release\lbaselib.obj
c:\users\ethan\onedrive\desktop\sk8r\v3rm\release\lauxlib.obj
c:\users\ethan\onedrive\desktop\sk8r\v3rm\release\lapi.obj
c:\users\ethan\onedrive\desktop\sk8r\v3rm\release\lzio.obj
c:\users\ethan\onedrive\desktop\sk8r\v3rm\release\lvm.obj
c:\users\ethan\onedrive\desktop\sk8r\v3rm\release\lundump.obj
c:\users\ethan\onedrive\desktop\sk8r\v3rm\release\ltm.obj
c:\users\ethan\onedrive\desktop\sk8r\v3rm\release\ltablib.obj
c:\users\ethan\onedrive\desktop\sk8r\v3rm\release\ltable.obj
c:\users\ethan\onedrive\desktop\sk8r\v3rm\release\lstrlib.obj
c:\users\ethan\onedrive\desktop\sk8r\v3rm\release\lstring.obj
c:\users\ethan\onedrive\desktop\sk8r\v3rm\release\lstate.obj
c:\users\ethan\onedrive\desktop\sk8r\release\sk8r.dll
c:\users\ethan\onedrive\desktop\sk8r\release\sk8r.pdb
c:\users\ethan\onedrive\desktop\sk8r\release\sk8r.ipdb
c:\users\ethan\onedrive\desktop\sk8r\release\sk8r.iobj
c:\users\ethan\onedrive\desktop\sk8r\v3rm\release\v3rm.vcxprojassemblyreference.cache
c:\users\ethan\onedrive\desktop\sk8r\v3rm\release\sk8r.tlog\cl.command.1.tlog
c:\users\ethan\onedrive\desktop\sk8r\v3rm\release\sk8r.tlog\cl.read.1.tlog
c:\users\ethan\onedrive\desktop\sk8r\v3rm\release\sk8r.tlog\cl.write.1.tlog
c:\users\ethan\onedrive\desktop\sk8r\v3rm\release\sk8r.tlog\link.command.1.tlog
c:\users\ethan\onedrive\desktop\sk8r\v3rm\release\sk8r.tlog\link.read.1.tlog
c:\users\ethan\onedrive\desktop\sk8r\v3rm\release\sk8r.tlog\link.write.1.tlog
c:\users\ethan\onedrive\desktop\sk8r\v3rm\release\sk8r.tlog\sk8r.write.1u.tlog
