  Main.cpp
c:\users\l33t h4x0r\source\repos\sk8r original\v3rm\bridge.h(70): warning C4838: conversion from 'int' to 'const char' requires a narrowing conversion
c:\users\l33t h4x0r\source\repos\sk8r original\v3rm\bridge.h(70): warning C4309: 'initializing': truncation of constant value
c:\users\l33t h4x0r\source\repos\sk8r original\v3rm\bridge.h(302): warning C4244: 'initializing': conversion from 'lua_Number' to 'int', possible loss of data
c:\users\l33t h4x0r\source\repos\sk8r original\v3rm\bridge.h(311): warning C4002: too many actual parameters for macro 'r_lua_tostring'
c:\users\l33t h4x0r\source\repos\sk8r original\v3rm\bridge.h(351): warning C4244: 'initializing': conversion from 'double' to 'int', possible loss of data
c:\users\l33t h4x0r\source\repos\sk8r original\v3rm\mouseliblua.h(34): warning C4244: 'initializing': conversion from 'lua_Number' to 'float', possible loss of data
c:\users\l33t h4x0r\source\repos\sk8r original\v3rm\mouseliblua.h(37): warning C4244: 'argument': conversion from 'float' to 'DWORD', possible loss of data
c:\users\l33t h4x0r\source\repos\sk8r original\v3rm\mouseliblua.h(44): warning C4244: 'initializing': conversion from 'lua_Number' to 'float', possible loss of data
c:\users\l33t h4x0r\source\repos\sk8r original\v3rm\mouseliblua.h(47): warning C4244: 'argument': conversion from 'float' to 'DWORD', possible loss of data
c:\users\l33t h4x0r\source\repos\sk8r original\v3rm\mouseliblua.h(54): warning C4244: 'initializing': conversion from 'lua_Number' to 'int', possible loss of data
c:\users\l33t h4x0r\source\repos\sk8r original\v3rm\mouseliblua.h(63): warning C4244: 'initializing': conversion from 'lua_Number' to 'LONG', possible loss of data
c:\users\l33t h4x0r\source\repos\sk8r original\v3rm\mouseliblua.h(64): warning C4244: 'initializing': conversion from 'lua_Number' to 'LONG', possible loss of data
c:\users\l33t h4x0r\source\repos\sk8r original\v3rm\mouseliblua.h(95): warning C4244: 'initializing': conversion from 'lua_Number' to 'WORD', possible loss of data
c:\users\l33t h4x0r\source\repos\sk8r original\v3rm\mouseliblua.h(103): warning C4244: 'initializing': conversion from 'lua_Number' to 'WORD', possible loss of data
c:\users\l33t h4x0r\source\repos\sk8r original\v3rm\mouseliblua.h(113): warning C4244: 'initializing': conversion from 'lua_Number' to 'WORD', possible loss of data
c:\users\l33t h4x0r\source\repos\sk8r original\v3rm\mouseliblua.h(114): warning C4244: 'initializing': conversion from 'lua_Number' to 'int', possible loss of data
c:\users\l33t h4x0r\source\repos\sk8r original\v3rm\main.cpp(55): warning C4477: 'printf' : format string '%s' requires an argument of type 'char *', but variadic argument 1 has type 'std::string'
c:\users\l33t h4x0r\source\repos\sk8r original\v3rm\main.cpp(118): warning C4244: '=': conversion from 'lua_Number' to 'int', possible loss of data
c:\users\l33t h4x0r\source\repos\sk8r original\v3rm\main.cpp(153): warning C4996: 'fopen': This function or variable may be unsafe. Consider using fopen_s instead. To disable deprecation, use _CRT_SECURE_NO_WARNINGS. See online help for details.
  c:\program files (x86)\windows kits\10\include\10.0.17134.0\ucrt\stdio.h(208): note: see declaration of 'fopen'
c:\users\l33t h4x0r\source\repos\sk8r original\v3rm\main.cpp(265): warning C4996: 'strcpy': This function or variable may be unsafe. Consider using strcpy_s instead. To disable deprecation, use _CRT_SECURE_NO_WARNINGS. See online help for details.
  c:\program files (x86)\windows kits\10\include\10.0.17134.0\ucrt\string.h(133): note: see declaration of 'strcpy'
c:\users\l33t h4x0r\source\repos\sk8r original\v3rm\main.cpp(266): warning C4996: 'strcat': This function or variable may be unsafe. Consider using strcat_s instead. To disable deprecation, use _CRT_SECURE_NO_WARNINGS. See online help for details.
  c:\program files (x86)\windows kits\10\include\10.0.17134.0\ucrt\string.h(90): note: see declaration of 'strcat'
c:\users\l33t h4x0r\source\repos\sk8r original\v3rm\main.cpp(268): warning C4996: 'strcat': This function or variable may be unsafe. Consider using strcat_s instead. To disable deprecation, use _CRT_SECURE_NO_WARNINGS. See online help for details.
  c:\program files (x86)\windows kits\10\include\10.0.17134.0\ucrt\string.h(90): note: see declaration of 'strcat'
c:\users\l33t h4x0r\source\repos\sk8r original\v3rm\main.cpp(269): warning C4996: 'strcat': This function or variable may be unsafe. Consider using strcat_s instead. To disable deprecation, use _CRT_SECURE_NO_WARNINGS. See online help for details.
  c:\program files (x86)\windows kits\10\include\10.0.17134.0\ucrt\string.h(90): note: see declaration of 'strcat'
c:\users\l33t h4x0r\source\repos\sk8r original\v3rm\main.cpp(270): warning C4996: 'strcat': This function or variable may be unsafe. Consider using strcat_s instead. To disable deprecation, use _CRT_SECURE_NO_WARNINGS. See online help for details.
  c:\program files (x86)\windows kits\10\include\10.0.17134.0\ucrt\string.h(90): note: see declaration of 'strcat'
c:\users\l33t h4x0r\source\repos\sk8r original\v3rm\main.cpp(264): warning C4996: 'sprintf': This function or variable may be unsafe. Consider using sprintf_s instead. To disable deprecation, use _CRT_SECURE_NO_WARNINGS. See online help for details.
  c:\program files (x86)\windows kits\10\include\10.0.17134.0\ucrt\stdio.h(1774): note: see declaration of 'sprintf'
c:\users\l33t h4x0r\source\repos\sk8r original\v3rm\main.cpp(267): warning C4996: 'sprintf': This function or variable may be unsafe. Consider using sprintf_s instead. To disable deprecation, use _CRT_SECURE_NO_WARNINGS. See online help for details.
  c:\program files (x86)\windows kits\10\include\10.0.17134.0\ucrt\stdio.h(1774): note: see declaration of 'sprintf'
c:\users\l33t h4x0r\source\repos\sk8r original\v3rm\main.cpp(295): warning C4996: 'strncpy': This function or variable may be unsafe. Consider using strncpy_s instead. To disable deprecation, use _CRT_SECURE_NO_WARNINGS. See online help for details.
  c:\program files (x86)\windows kits\10\include\10.0.17134.0\ucrt\string.h(338): note: see declaration of 'strncpy'
c:\users\l33t h4x0r\source\repos\sk8r original\v3rm\main.cpp(509): warning C4309: '=': truncation of constant value
c:\users\l33t h4x0r\source\repos\sk8r original\v3rm\main.cpp(542): warning C4996: 'strcpy': This function or variable may be unsafe. Consider using strcpy_s instead. To disable deprecation, use _CRT_SECURE_NO_WARNINGS. See online help for details.
  c:\program files (x86)\windows kits\10\include\10.0.17134.0\ucrt\string.h(133): note: see declaration of 'strcpy'
c:\users\l33t h4x0r\source\repos\sk8r original\v3rm\main.cpp(734): warning C4996: 'GetVersionExA': was declared deprecated
  c:\program files (x86)\windows kits\10\include\10.0.17134.0\um\sysinfoapi.h(378): note: see declaration of 'GetVersionExA'
c:\users\l33t h4x0r\source\repos\sk8r original\v3rm\main.cpp(822): warning C4102: 'InLoadOrderModuleList': unreferenced label
  Generating code
  38 of 1162 functions ( 3.3%) were compiled, the rest were copied from previous compilation.
    0 functions were new in current compilation
    66 functions had inline decision re-evaluated but remain unchanged
  Finished generating code
  V3rm.vcxproj -> C:\Users\L33T H4X0R\source\repos\Sk8r Original\Release\sk8r.dll
