Build started 2/4/2016 5:45:32 PM.
     1>Project "C:\Users\Jayden\documents\visual studio 2013\Projects\AcenV2.0\AcenV2.0\AcenV2.0.vcxproj" on node 2 (Rebuild target(s)).
     1>ClCompile:
         C:\Program Files (x86)\Microsoft Visual Studio 12.0\VC\bin\CL.exe /c /ZI /nologo /W3 /WX- /sdl /Od /Oy- /D WIN32 /D _DEBUG /D _WINDOWS /D _USRDLL /D ACENV20_EXPORTS /D _WINDLL /D _UNICODE /D UNICODE /Gm /EHsc /RTC1 /MDd /GS /fp:precise /Zc:wchar_t /Zc:forScope /Fo"Debug\\" /Fd"Debug\vc120.pdb" /Gd /TC /analyze- /errorReport:prompt "..\..\..\..\..\Downloads\lua-5.3.2\lua-5.3.2\src\lapi.c" "..\..\..\..\..\Downloads\lua-5.3.2\lua-5.3.2\src\lauxlib.c" "..\..\..\..\..\Downloads\lua-5.3.2\lua-5.3.2\src\lbaselib.c" "..\..\..\..\..\Downloads\lua-5.3.2\lua-5.3.2\src\lbitlib.c" "..\..\..\..\..\Downloads\lua-5.3.2\lua-5.3.2\src\lcode.c" "..\..\..\..\..\Downloads\lua-5.3.2\lua-5.3.2\src\lcorolib.c" "..\..\..\..\..\Downloads\lua-5.3.2\lua-5.3.2\src\lctype.c" "..\..\..\..\..\Downloads\lua-5.3.2\lua-5.3.2\src\ldblib.c" "..\..\..\..\..\Downloads\lua-5.3.2\lua-5.3.2\src\ldebug.c" "..\..\..\..\..\Downloads\lua-5.3.2\lua-5.3.2\src\ldo.c" "..\..\..\..\..\Downloads\lua-5.3.2\lua-5.3.2\src\ldump.c" "..\..\..\..\..\Downloads\lua-5.3.2\lua-5.3.2\src\lfunc.c" "..\..\..\..\..\Downloads\lua-5.3.2\lua-5.3.2\src\lgc.c" "..\..\..\..\..\Downloads\lua-5.3.2\lua-5.3.2\src\linit.c" "..\..\..\..\..\Downloads\lua-5.3.2\lua-5.3.2\src\liolib.c" "..\..\..\..\..\Downloads\lua-5.3.2\lua-5.3.2\src\llex.c" "..\..\..\..\..\Downloads\lua-5.3.2\lua-5.3.2\src\lmathlib.c" "..\..\..\..\..\Downloads\lua-5.3.2\lua-5.3.2\src\lmem.c" "..\..\..\..\..\Downloads\lua-5.3.2\lua-5.3.2\src\loadlib.c" "..\..\..\..\..\Downloads\lua-5.3.2\lua-5.3.2\src\lobject.c" "..\..\..\..\..\Downloads\lua-5.3.2\lua-5.3.2\src\lopcodes.c" "..\..\..\..\..\Downloads\lua-5.3.2\lua-5.3.2\src\loslib.c" "..\..\..\..\..\Downloads\lua-5.3.2\lua-5.3.2\src\lparser.c" "..\..\..\..\..\Downloads\lua-5.3.2\lua-5.3.2\src\lstate.c" "..\..\..\..\..\Downloads\lua-5.3.2\lua-5.3.2\src\lstring.c" "..\..\..\..\..\Downloads\lua-5.3.2\lua-5.3.2\src\lstrlib.c" "..\..\..\..\..\Downloads\lua-5.3.2\lua-5.3.2\src\ltable.c" "..\..\..\..\..\Downloads\lua-5.3.2\lua-5.3.2\src\ltablib.c" "..\..\..\..\..\Downloads\lua-5.3.2\lua-5.3.2\src\ltm.c" "..\..\..\..\..\Downloads\lua-5.3.2\lua-5.3.2\src\lua.c" "..\..\..\..\..\Downloads\lua-5.3.2\lua-5.3.2\src\luac.c" "..\..\..\..\..\Downloads\lua-5.3.2\lua-5.3.2\src\lundump.c" "..\..\..\..\..\Downloads\lua-5.3.2\lua-5.3.2\src\lutf8lib.c" "..\..\..\..\..\Downloads\lua-5.3.2\lua-5.3.2\src\lvm.c" "..\..\..\..\..\Downloads\lua-5.3.2\lua-5.3.2\src\lzio.c"
         lzio.c
         lvm.c
         lutf8lib.c
         lundump.c
         luac.c
         lua.c
         ltm.c
         ltablib.c
         ltable.c
         lstrlib.c
         lstring.c
         lstate.c
         lparser.c
         loslib.c
         lopcodes.c
         lobject.c
         loadlib.c
         lmem.c
         lmathlib.c
         llex.c
         Generating Code...
         Compiling...
         liolib.c
         linit.c
         lgc.c
         lfunc.c
         ldump.c
         ldo.c
         ldebug.c
         ldblib.c
         lctype.c
         lcorolib.c
         lcode.c
         lbitlib.c
         lbaselib.c
         lauxlib.c
         lapi.c
         Generating Code...
         C:\Program Files (x86)\Microsoft Visual Studio 12.0\VC\bin\CL.exe /c /ZI /nologo /W3 /WX- /sdl /Od /Oy- /D WIN32 /D _DEBUG /D _WINDOWS /D _USRDLL /D ACENV20_EXPORTS /D _WINDLL /D _UNICODE /D UNICODE /Gm /EHsc /RTC1 /MDd /GS /fp:precise /Zc:wchar_t /Zc:forScope /Fo"Debug\\" /Fd"Debug\vc120.pdb" /Gd /TP /analyze- /errorReport:prompt main.cpp
         main.cpp
     1>c:\users\jayden\documents\visual studio 2013\projects\acenv2.0\acenv2.0\main.cpp(168): warning C4244: 'initializing' : conversion from 'lua_Number' to 'int', possible loss of data
     1>c:\users\jayden\documents\visual studio 2013\projects\acenv2.0\acenv2.0\main.cpp(182): warning C4244: 'initializing' : conversion from 'lua_Number' to 'int', possible loss of data
     1>c:\users\jayden\documents\visual studio 2013\projects\acenv2.0\acenv2.0\main.cpp(201): warning C4244: 'initializing' : conversion from 'lua_Number' to 'int', possible loss of data
     1>c:\users\jayden\documents\visual studio 2013\projects\acenv2.0\acenv2.0\main.cpp(250): warning C4244: 'argument' : conversion from 'time_t' to 'lua_Number', possible loss of data
     1>c:\users\jayden\documents\visual studio 2013\projects\acenv2.0\acenv2.0\main.cpp(278): warning C4244: '=' : conversion from 'lua_Number' to 'int', possible loss of data
     1>c:\users\jayden\documents\visual studio 2013\projects\acenv2.0\acenv2.0\main.cpp(309): warning C4244: 'initializing' : conversion from 'lua_Number' to 'int', possible loss of data
     1>c:\users\jayden\documents\visual studio 2013\projects\acenv2.0\acenv2.0\main.cpp(332): warning C4800: 'int' : forcing value to bool 'true' or 'false' (performance warning)
     1>c:\users\jayden\documents\visual studio 2013\projects\acenv2.0\acenv2.0\main.cpp(345): warning C4244: 'initializing' : conversion from 'lua_Number' to 'int', possible loss of data
     1>c:\users\jayden\documents\visual studio 2013\projects\acenv2.0\acenv2.0\main.cpp(107): warning C4715: 'FindFirstClass' : not all control paths return a value
     1>c:\users\jayden\documents\visual studio 2013\projects\acenv2.0\acenv2.0\main.cpp(489): warning C4715: 'Memory::Scan' : not all control paths return a value
     1>c:\users\jayden\documents\visual studio 2013\projects\acenv2.0\acenv2.0\main.cpp(360): warning C4715: 'NewIndex' : not all control paths return a value
     1>c:\users\jayden\documents\visual studio 2013\projects\acenv2.0\acenv2.0\main.cpp(247): warning C4715: 'Index' : not all control paths return a value
       Link:
         C:\Program Files (x86)\Microsoft Visual Studio 12.0\VC\bin\link.exe /ERRORREPORT:PROMPT /OUT:"C:\Users\Jayden\documents\visual studio 2013\Projects\AcenV2.0\Debug\AcenV2.0.dll" /INCREMENTAL /NOLOGO kernel32.lib user32.lib gdi32.lib winspool.lib comdlg32.lib advapi32.lib shell32.lib ole32.lib oleaut32.lib uuid.lib odbc32.lib odbccp32.lib /MANIFEST /MANIFESTUAC:"level='asInvoker' uiAccess='false'" /manifest:embed /DEBUG /PDB:"C:\Users\Jayden\documents\visual studio 2013\Projects\AcenV2.0\Debug\AcenV2.0.pdb" /SUBSYSTEM:WINDOWS /TLBID:1 /DYNAMICBASE /NXCOMPAT /IMPLIB:"C:\Users\Jayden\documents\visual studio 2013\Projects\AcenV2.0\Debug\AcenV2.0.lib" /MACHINE:X86 /DLL Debug\lapi.obj
         Debug\lauxlib.obj
         Debug\lbaselib.obj
         Debug\lbitlib.obj
         Debug\lcode.obj
         Debug\lcorolib.obj
         Debug\lctype.obj
         Debug\ldblib.obj
         Debug\ldebug.obj
         Debug\ldo.obj
         Debug\ldump.obj
         Debug\lfunc.obj
         Debug\lgc.obj
         Debug\linit.obj
         Debug\liolib.obj
         Debug\llex.obj
         Debug\lmathlib.obj
         Debug\lmem.obj
         Debug\loadlib.obj
         Debug\lobject.obj
         Debug\lopcodes.obj
         Debug\loslib.obj
         Debug\lparser.obj
         Debug\lstate.obj
         Debug\lstring.obj
         Debug\lstrlib.obj
         Debug\ltable.obj
         Debug\ltablib.obj
         Debug\ltm.obj
         Debug\lua.obj
         Debug\luac.obj
         Debug\lundump.obj
         Debug\lutf8lib.obj
         Debug\lvm.obj
         Debug\lzio.obj
         Debug\main.obj
         AcenV2.0.vcxproj -> C:\Users\Jayden\documents\visual studio 2013\Projects\AcenV2.0\Debug\AcenV2.0.dll
     1>Done Building Project "C:\Users\Jayden\documents\visual studio 2013\Projects\AcenV2.0\AcenV2.0\AcenV2.0.vcxproj" (Rebuild target(s)).

Build succeeded.

Time Elapsed 00:00:03.42
