  stdafx.cpp
c:\users\brar\desktop\consoleapplication1\consoleapplication1\stdafx.h(7): warning C4005: '_CRT_SECURE_NO_WARNINGS': macro redefinition
  c:\users\brar\desktop\consoleapplication1\consoleapplication1\stdafx.h(7): note: command-line arguments:  see previous definition of '_CRT_SECURE_NO_WARNINGS'
  ConsoleApplication1.cpp
c:\users\brar\desktop\consoleapplication1\consoleapplication1\consoleapplication1.cpp(1): warning C4005: '_CRT_SECURE_NO_WARNINGS': macro redefinition
  c:\users\brar\desktop\consoleapplication1\consoleapplication1\consoleapplication1.cpp(1): note: command-line arguments:  see previous definition of '_CRT_SECURE_NO_WARNINGS'
c:\users\brar\desktop\consoleapplication1\consoleapplication1\consoleapplication1.cpp(129): warning C4018: '<': signed/unsigned mismatch
c:\users\brar\desktop\consoleapplication1\consoleapplication1\consoleapplication1.cpp(143): warning C4018: '<': signed/unsigned mismatch
c:\users\brar\desktop\consoleapplication1\consoleapplication1\consoleapplication1.cpp(204): warning C4309: '=': truncation of constant value
c:\users\brar\desktop\consoleapplication1\consoleapplication1\consoleapplication1.cpp(347): warning C4018: '<': signed/unsigned mismatch
c:\users\brar\desktop\consoleapplication1\consoleapplication1\consoleapplication1.cpp(355): warning C4800: 'int': forcing value to bool 'true' or 'false' (performance warning)
c:\users\brar\desktop\consoleapplication1\consoleapplication1\consoleapplication1.cpp(570): warning C4018: '<': signed/unsigned mismatch
c:\users\brar\desktop\consoleapplication1\consoleapplication1\consoleapplication1.cpp(571): warning C4018: '<': signed/unsigned mismatch
c:\users\brar\desktop\consoleapplication1\consoleapplication1\consoleapplication1.cpp(793): warning C4018: '<': signed/unsigned mismatch
c:\users\brar\desktop\consoleapplication1\consoleapplication1\consoleapplication1.cpp(794): warning C4018: '<': signed/unsigned mismatch
c:\users\brar\desktop\consoleapplication1\consoleapplication1\consoleapplication1.cpp(829): warning C4244: 'initializing': conversion from 'int' to 'float', possible loss of data
c:\users\brar\desktop\consoleapplication1\consoleapplication1\consoleapplication1.cpp(982): warning C4244: 'initializing': conversion from 'int' to 'float', possible loss of data
c:\users\brar\desktop\consoleapplication1\consoleapplication1\consoleapplication1.cpp(1035): warning C4244: 'initializing': conversion from 'int' to 'float', possible loss of data
c:\users\brar\desktop\consoleapplication1\consoleapplication1\consoleapplication1.cpp(310): warning C4715: 'GetCharacter': not all control paths return a value
c:\users\brar\desktop\consoleapplication1\consoleapplication1\consoleapplication1.cpp(80): warning C4715: 'Memory::Scan': not all control paths return a value
c:\users\brar\desktop\consoleapplication1\consoleapplication1\consoleapplication1.cpp(170): warning C4715: 'FindFirstClass': not all control paths return a value
c:\users\brar\desktop\consoleapplication1\consoleapplication1\consoleapplication1.cpp(122): warning C4715: 'FindFirstChild_PartOf': not all control paths return a value
c:\users\brar\desktop\consoleapplication1\consoleapplication1\consoleapplication1.cpp(327): warning C4715: 'GetPlayer': not all control paths return a value
  ConsoleApplication1.vcxproj -> C:\Users\Brar\Desktop\ConsoleApplication1\Debug\ConsoleApplication1.dll
  ConsoleApplication1.vcxproj -> C:\Users\Brar\Desktop\ConsoleApplication1\Debug\ConsoleApplication1.pdb (Full PDB)
