  Retcheck.cpp
  Cyber.cpp
c:\users\samuel\desktop\exploit sources\new cyber\cyber\addresses.h(56): error C2039: 'to_string': is not a member of 'std'
  c:\program files (x86)\microsoft visual studio\2017\community\vc\tools\msvc\14.14.26428\include\vector(20): note: see declaration of 'std'
c:\users\samuel\desktop\exploit sources\new cyber\cyber\addresses.h(56): error C3861: 'to_string': identifier not found
c:\users\samuel\desktop\exploit sources\new cyber\cyber\addresses.h(63): error C2079: 'ss' uses undefined class 'std::basic_stringstream<char,std::char_traits<char>,std::allocator<char>>'
c:\users\samuel\desktop\exploit sources\new cyber\cyber\addresses.h(63): error C2440: 'initializing': cannot convert from 'std::string' to 'int'
  c:\users\samuel\desktop\exploit sources\new cyber\cyber\addresses.h(63): note: No user-defined-conversion operator available that can perform this conversion, or the operator cannot be called
c:\users\samuel\desktop\exploit sources\new cyber\cyber\addresses.h(65): error C3861: 'getline': identifier not found
c:\users\samuel\desktop\exploit sources\new cyber\cyber\addresses.h(72): error C3861: 'getline': identifier not found
c:\users\samuel\desktop\exploit sources\new cyber\cyber\addresses.h(92): error C3861: 'getline': identifier not found
c:\users\samuel\desktop\exploit sources\new cyber\cyber\customfunctions.h(67): error C2065: 'string': undeclared identifier
c:\users\samuel\desktop\exploit sources\new cyber\cyber\customfunctions.h(67): error C2146: syntax error: missing ';' before identifier 'line'
c:\users\samuel\desktop\exploit sources\new cyber\cyber\customfunctions.h(67): error C2065: 'line': undeclared identifier
c:\users\samuel\desktop\exploit sources\new cyber\cyber\customfunctions.h(68): error C2065: 'ifstream': undeclared identifier
c:\users\samuel\desktop\exploit sources\new cyber\cyber\customfunctions.h(68): error C2146: syntax error: missing ';' before identifier 'myfile'
c:\users\samuel\desktop\exploit sources\new cyber\cyber\customfunctions.h(68): error C3861: 'myfile': identifier not found
c:\users\samuel\desktop\exploit sources\new cyber\cyber\lol.h(21): error C2065: 'HINTERNET': undeclared identifier
c:\users\samuel\desktop\exploit sources\new cyber\cyber\lol.h(21): error C2146: syntax error: missing ';' before identifier 'interwebs'
c:\users\samuel\desktop\exploit sources\new cyber\cyber\lol.h(21): error C2065: 'interwebs': undeclared identifier
c:\users\samuel\desktop\exploit sources\new cyber\cyber\lol.h(21): error C2065: 'INTERNET_OPEN_TYPE_DIRECT': undeclared identifier
c:\users\samuel\desktop\exploit sources\new cyber\cyber\lol.h(21): error C3861: 'InternetOpenA': identifier not found
c:\users\samuel\desktop\exploit sources\new cyber\cyber\lol.h(22): error C2065: 'HINTERNET': undeclared identifier
c:\users\samuel\desktop\exploit sources\new cyber\cyber\lol.h(22): error C2146: syntax error: missing ';' before identifier 'urlFile'
c:\users\samuel\desktop\exploit sources\new cyber\cyber\lol.h(22): error C2065: 'urlFile': undeclared identifier
c:\users\samuel\desktop\exploit sources\new cyber\cyber\lol.h(24): error C2065: 'interwebs': undeclared identifier
c:\users\samuel\desktop\exploit sources\new cyber\cyber\lol.h(25): error C2065: 'urlFile': undeclared identifier
c:\users\samuel\desktop\exploit sources\new cyber\cyber\lol.h(25): error C2065: 'interwebs': undeclared identifier
c:\users\samuel\desktop\exploit sources\new cyber\cyber\lol.h(25): error C3861: 'InternetOpenUrlA': identifier not found
c:\users\samuel\desktop\exploit sources\new cyber\cyber\lol.h(26): error C2065: 'urlFile': undeclared identifier
c:\users\samuel\desktop\exploit sources\new cyber\cyber\lol.h(30): error C2065: 'urlFile': undeclared identifier
c:\users\samuel\desktop\exploit sources\new cyber\cyber\lol.h(30): error C3861: 'InternetReadFile': identifier not found
c:\users\samuel\desktop\exploit sources\new cyber\cyber\lol.h(34): error C2065: 'interwebs': undeclared identifier
c:\users\samuel\desktop\exploit sources\new cyber\cyber\lol.h(34): error C3861: 'InternetCloseHandle': identifier not found
c:\users\samuel\desktop\exploit sources\new cyber\cyber\lol.h(35): error C2065: 'urlFile': undeclared identifier
c:\users\samuel\desktop\exploit sources\new cyber\cyber\lol.h(35): error C3861: 'InternetCloseHandle': identifier not found
c:\users\samuel\desktop\exploit sources\new cyber\cyber\lol.h(40): error C2065: 'interwebs': undeclared identifier
c:\users\samuel\desktop\exploit sources\new cyber\cyber\lol.h(40): error C3861: 'InternetCloseHandle': identifier not found
c:\users\samuel\desktop\exploit sources\new cyber\cyber\cyber.cpp(25): error C2084: function 'void getservice(int,const char *)' already has a body
  c:\users\samuel\desktop\exploit sources\new cyber\cyber\commands.h(13): note: see previous definition of 'getservice'
