c:\users\jaden\desktop\xyz (1)\xyz\xyzxl\newrelease\vc141.pdb
c:\users\jaden\desktop\xyz (1)\xyz\xyzxl\newrelease\vc141.idb
c:\users\jaden\desktop\xyz (1)\xyz\xyzxl\newrelease\llex.obj
c:\users\jaden\desktop\xyz (1)\xyz\xyzxl\newrelease\lmathlib.obj
c:\users\jaden\desktop\xyz (1)\xyz\xyzxl\newrelease\lmem.obj
c:\users\jaden\desktop\xyz (1)\xyz\xyzxl\newrelease\loadlib.obj
c:\users\jaden\desktop\xyz (1)\xyz\xyzxl\newrelease\lobject.obj
c:\users\jaden\desktop\xyz (1)\xyz\xyzxl\newrelease\lopcodes.obj
c:\users\jaden\desktop\xyz (1)\xyz\xyzxl\newrelease\loslib.obj
c:\users\jaden\desktop\xyz (1)\xyz\xyzxl\newrelease\lparser.obj
c:\users\jaden\desktop\xyz (1)\xyz\xyzxl\newrelease\lstate.obj
c:\users\jaden\desktop\xyz (1)\xyz\xyzxl\newrelease\lstring.obj
c:\users\jaden\desktop\xyz (1)\xyz\xyzxl\newrelease\lstrlib.obj
c:\users\jaden\desktop\xyz (1)\xyz\xyzxl\newrelease\ltable.obj
c:\users\jaden\desktop\xyz (1)\xyz\xyzxl\newrelease\ltablib.obj
c:\users\jaden\desktop\xyz (1)\xyz\xyzxl\newrelease\ltm.obj
c:\users\jaden\desktop\xyz (1)\xyz\xyzxl\newrelease\lua.obj
c:\users\jaden\desktop\xyz (1)\xyz\xyzxl\newrelease\luac.obj
c:\users\jaden\desktop\xyz (1)\xyz\xyzxl\newrelease\lundump.obj
c:\users\jaden\desktop\xyz (1)\xyz\xyzxl\newrelease\lvm.obj
c:\users\jaden\desktop\xyz (1)\xyz\xyzxl\newrelease\lzio.obj
c:\users\jaden\desktop\xyz (1)\xyz\xyzxl\newrelease\print.obj
c:\users\jaden\desktop\xyz (1)\xyz\xyzxl\newrelease\lapi.obj
c:\users\jaden\desktop\xyz (1)\xyz\xyzxl\newrelease\lauxlib.obj
c:\users\jaden\desktop\xyz (1)\xyz\xyzxl\newrelease\lbaselib.obj
c:\users\jaden\desktop\xyz (1)\xyz\xyzxl\newrelease\lcode.obj
c:\users\jaden\desktop\xyz (1)\xyz\xyzxl\newrelease\ldblib.obj
c:\users\jaden\desktop\xyz (1)\xyz\xyzxl\newrelease\ldebug.obj
c:\users\jaden\desktop\xyz (1)\xyz\xyzxl\newrelease\ldo.obj
c:\users\jaden\desktop\xyz (1)\xyz\xyzxl\newrelease\ldump.obj
c:\users\jaden\desktop\xyz (1)\xyz\xyzxl\newrelease\lfunc.obj
c:\users\jaden\desktop\xyz (1)\xyz\xyzxl\newrelease\lgc.obj
c:\users\jaden\desktop\xyz (1)\xyz\xyzxl\newrelease\linit.obj
c:\users\jaden\desktop\xyz (1)\xyz\xyzxl\newrelease\liolib.obj
c:\users\jaden\desktop\xyz (1)\xyz\xyzxl\newrelease\cframe.obj
c:\users\jaden\desktop\xyz (1)\xyz\xyzxl\newrelease\checks.obj
c:\users\jaden\desktop\xyz (1)\xyz\xyzxl\newrelease\color3.obj
c:\users\jaden\desktop\xyz (1)\xyz\xyzxl\newrelease\dllmain.obj
c:\users\jaden\desktop\xyz (1)\xyz\xyzxl\newrelease\events.obj
c:\users\jaden\desktop\xyz (1)\xyz\xyzxl\newrelease\numberrange.obj
c:\users\jaden\desktop\xyz (1)\xyz\xyzxl\newrelease\udim2.obj
c:\users\jaden\desktop\xyz (1)\xyz\xyzxl\newrelease\ui.obj
c:\users\jaden\desktop\xyz (1)\xyz\xyzxl\newrelease\vector2.obj
c:\users\jaden\desktop\xyz (1)\xyz\xyzxl\newrelease\vector3.obj
c:\users\jaden\desktop\xyz (1)\xyz\newrelease\el chapo.ipdb
c:\users\jaden\desktop\xyz (1)\xyz\newrelease\el chapo.iobj
c:\users\jaden\desktop\xyz (1)\xyz\newrelease\el chapo.dll
c:\users\jaden\desktop\xyz (1)\xyz\newrelease\el chapo.pdb
c:\users\jaden\desktop\xyz (1)\xyz\xyzxl\newrelease\vc140.idb
c:\users\jaden\desktop\xyz (1)\xyz\xyzxl\newrelease\vc140.pdb
c:\users\jaden\desktop\xyz (1)\xyz\xyzxl\newrelease\halcyonv.tlog\cl.command.1.tlog
c:\users\jaden\desktop\xyz (1)\xyz\xyzxl\newrelease\halcyonv.tlog\cl.read.1.tlog
c:\users\jaden\desktop\xyz (1)\xyz\xyzxl\newrelease\halcyonv.tlog\cl.write.1.tlog
c:\users\jaden\desktop\xyz (1)\xyz\xyzxl\newrelease\halcyonv.tlog\halcyonv.write.1u.tlog
c:\users\jaden\desktop\xyz (1)\xyz\xyzxl\newrelease\halcyonv.tlog\link.command.1.tlog
c:\users\jaden\desktop\xyz (1)\xyz\xyzxl\newrelease\halcyonv.tlog\link.read.1.tlog
c:\users\jaden\desktop\xyz (1)\xyz\xyzxl\newrelease\halcyonv.tlog\link.write.1.tlog
