c:\users\aaron\desktop\stuff\xyzxl\xyzxl\xyzxl\newrelease\vc140.pdb
c:\users\aaron\desktop\stuff\xyzxl\xyzxl\xyzxl\newrelease\lparser.obj
c:\users\aaron\desktop\stuff\xyzxl\xyzxl\xyzxl\newrelease\loslib.obj
c:\users\aaron\desktop\stuff\xyzxl\xyzxl\xyzxl\newrelease\lopcodes.obj
c:\users\aaron\desktop\stuff\xyzxl\xyzxl\xyzxl\newrelease\lobject.obj
c:\users\aaron\desktop\stuff\xyzxl\xyzxl\xyzxl\newrelease\loadlib.obj
c:\users\aaron\desktop\stuff\xyzxl\xyzxl\xyzxl\newrelease\lmem.obj
c:\users\aaron\desktop\stuff\xyzxl\xyzxl\xyzxl\newrelease\lmathlib.obj
c:\users\aaron\desktop\stuff\xyzxl\xyzxl\xyzxl\newrelease\llex.obj
c:\users\aaron\desktop\stuff\xyzxl\xyzxl\xyzxl\newrelease\liolib.obj
c:\users\aaron\desktop\stuff\xyzxl\xyzxl\xyzxl\newrelease\linit.obj
c:\users\aaron\desktop\stuff\xyzxl\xyzxl\xyzxl\newrelease\lgc.obj
c:\users\aaron\desktop\stuff\xyzxl\xyzxl\xyzxl\newrelease\lfunc.obj
c:\users\aaron\desktop\stuff\xyzxl\xyzxl\xyzxl\newrelease\ldump.obj
c:\users\aaron\desktop\stuff\xyzxl\xyzxl\xyzxl\newrelease\ldo.obj
c:\users\aaron\desktop\stuff\xyzxl\xyzxl\xyzxl\newrelease\ldebug.obj
c:\users\aaron\desktop\stuff\xyzxl\xyzxl\xyzxl\newrelease\ldblib.obj
c:\users\aaron\desktop\stuff\xyzxl\xyzxl\xyzxl\newrelease\lcode.obj
c:\users\aaron\desktop\stuff\xyzxl\xyzxl\xyzxl\newrelease\lbaselib.obj
c:\users\aaron\desktop\stuff\xyzxl\xyzxl\xyzxl\newrelease\lauxlib.obj
c:\users\aaron\desktop\stuff\xyzxl\xyzxl\xyzxl\newrelease\lapi.obj
c:\users\aaron\desktop\stuff\xyzxl\xyzxl\xyzxl\newrelease\print.obj
c:\users\aaron\desktop\stuff\xyzxl\xyzxl\xyzxl\newrelease\lzio.obj
c:\users\aaron\desktop\stuff\xyzxl\xyzxl\xyzxl\newrelease\lvm.obj
c:\users\aaron\desktop\stuff\xyzxl\xyzxl\xyzxl\newrelease\lundump.obj
c:\users\aaron\desktop\stuff\xyzxl\xyzxl\xyzxl\newrelease\luac.obj
c:\users\aaron\desktop\stuff\xyzxl\xyzxl\xyzxl\newrelease\lua.obj
c:\users\aaron\desktop\stuff\xyzxl\xyzxl\xyzxl\newrelease\ltm.obj
c:\users\aaron\desktop\stuff\xyzxl\xyzxl\xyzxl\newrelease\ltablib.obj
c:\users\aaron\desktop\stuff\xyzxl\xyzxl\xyzxl\newrelease\ltable.obj
c:\users\aaron\desktop\stuff\xyzxl\xyzxl\xyzxl\newrelease\lstrlib.obj
c:\users\aaron\desktop\stuff\xyzxl\xyzxl\xyzxl\newrelease\lstring.obj
c:\users\aaron\desktop\stuff\xyzxl\xyzxl\xyzxl\newrelease\lstate.obj
c:\users\aaron\desktop\stuff\xyzxl\xyzxl\xyzxl\newrelease\vector3.obj
c:\users\aaron\desktop\stuff\xyzxl\xyzxl\xyzxl\newrelease\vector2.obj
c:\users\aaron\desktop\stuff\xyzxl\xyzxl\xyzxl\newrelease\udim2.obj
c:\users\aaron\desktop\stuff\xyzxl\xyzxl\xyzxl\newrelease\numberrange.obj
c:\users\aaron\desktop\stuff\xyzxl\xyzxl\xyzxl\newrelease\dllmain.obj
c:\users\aaron\desktop\stuff\xyzxl\xyzxl\xyzxl\newrelease\color3.obj
c:\users\aaron\desktop\stuff\xyzxl\xyzxl\xyzxl\newrelease\checks.obj
c:\users\aaron\desktop\stuff\xyzxl\xyzxl\xyzxl\newrelease\cframe.obj
c:\users\aaron\desktop\stuff\xyzxl\xyzxl\xyzxl\newrelease\events.obj
c:\users\aaron\desktop\stuff\xyzxl\xyzxl\newrelease\xyzxl.dll
c:\users\aaron\desktop\stuff\xyzxl\xyzxl\newrelease\xyzxl.ipdb
c:\users\aaron\desktop\stuff\xyzxl\xyzxl\newrelease\xyzxl.iobj
c:\users\aaron\desktop\stuff\xyzxl\xyzxl\newrelease\xyzxl.pdb
c:\users\aaron\desktop\stuff\xyzxl\xyzxl\xyzxl\newrelease\xyzxl.tlog\cl.command.1.tlog
c:\users\aaron\desktop\stuff\xyzxl\xyzxl\xyzxl\newrelease\xyzxl.tlog\cl.read.1.tlog
c:\users\aaron\desktop\stuff\xyzxl\xyzxl\xyzxl\newrelease\xyzxl.tlog\cl.write.1.tlog
c:\users\aaron\desktop\stuff\xyzxl\xyzxl\xyzxl\newrelease\xyzxl.tlog\link.command.1.tlog
c:\users\aaron\desktop\stuff\xyzxl\xyzxl\xyzxl\newrelease\xyzxl.tlog\link.read.1.tlog
c:\users\aaron\desktop\stuff\xyzxl\xyzxl\xyzxl\newrelease\xyzxl.tlog\link.write.1.tlog
