  lapi.c
  lauxlib.c
  lbaselib.c
  lcode.c
  ldblib.c
  ldebug.c
  ldo.c
  ldump.c
  lfunc.c
  lgc.c
  linit.c
  liolib.c
  llex.c
  lmathlib.c
  lmem.c
  loadlib.c
  lobject.c
  lopcodes.c
  loslib.c
  lparser.c
  Generating Code...
  Compiling...
  lstate.c
  lstring.c
  lstrlib.c
  ltable.c
  ltablib.c
  ltm.c
  lua.c
  luac.c
  lundump.c
  lvm.c
  lzio.c
  print.c
  Generating Code...
  CFrame.cpp
CFrame.cpp(267): warning C4838: conversion from 'double' to 'float' requires a narrowing conversion
  Checks.cpp
c:\users\owner\desktop\xyz\xyzxl\Addresses_1.h(4): warning C4311: 'type cast': pointer truncation from 'HMODULE' to 'DWORD'
c:\users\owner\desktop\xyz\xyzxl\Addresses_1.h(29): warning C4312: 'type cast': conversion from 'int' to 'functiondouble' of greater size
c:\users\owner\desktop\xyz\xyzxl\Addresses_1.h(36): warning C4312: 'type cast': conversion from 'int' to 'zfunction' of greater size
c:\users\owner\desktop\xyz\xyzxl\Addresses_1.h(37): warning C4312: 'type cast': conversion from 'int' to 'zfunction' of greater size
c:\users\owner\desktop\xyz\xyzxl\Addresses_1.h(60): warning C4312: 'type cast': conversion from 'int' to 'void *' of greater size
c:\users\owner\desktop\xyz\xyzxl\Addresses_1.h(75): warning C4312: 'type cast': conversion from 'int' to 'void *' of greater size
c:\users\owner\desktop\xyz\xyzxl\Addresses_1.h(92): warning C4312: 'type cast': conversion from 'int' to 'void *' of greater size
c:\users\owner\desktop\xyz\xyzxl\Addresses_1.h(109): warning C4312: 'type cast': conversion from 'int' to 'void *' of greater size
Checks.cpp(47): warning C4312: 'type cast': conversion from 'DWORD' to 'LPVOID' of greater size
Checks.cpp(48): warning C4312: 'type cast': conversion from 'DWORD' to 'LPVOID' of greater size
Checks.cpp(51): warning C4312: 'type cast': conversion from 'DWORD' to 'char *' of greater size
Checks.cpp(52): warning C4312: 'type cast': conversion from 'DWORD' to 'unsigned long *' of greater size
Checks.cpp(54): warning C4312: 'type cast': conversion from 'DWORD' to 'LPVOID' of greater size
Checks.cpp(89): warning C4312: 'type cast': conversion from 'unsigned long' to 'BYTE *' of greater size
Checks.cpp(102): warning C4311: 'type cast': pointer truncation from 'char *' to 'DWORD'
Checks.cpp(103): warning C4311: 'type cast': pointer truncation from 'void *' to 'DWORD'
  Color3.cpp
Color3.cpp(267): warning C4838: conversion from 'double' to 'float' requires a narrowing conversion
  dllmain.cpp
c:\users\owner\desktop\xyz\xyzxl\Addresses_1.h(4): warning C4311: 'type cast': pointer truncation from 'HMODULE' to 'DWORD'
c:\users\owner\desktop\xyz\xyzxl\Addresses_1.h(29): warning C4312: 'type cast': conversion from 'int' to 'functiondouble' of greater size
c:\users\owner\desktop\xyz\xyzxl\Addresses_1.h(36): warning C4312: 'type cast': conversion from 'int' to 'zfunction' of greater size
c:\users\owner\desktop\xyz\xyzxl\Addresses_1.h(37): warning C4312: 'type cast': conversion from 'int' to 'zfunction' of greater size
c:\users\owner\desktop\xyz\xyzxl\Addresses_1.h(60): warning C4312: 'type cast': conversion from 'int' to 'void *' of greater size
c:\users\owner\desktop\xyz\xyzxl\Addresses_1.h(75): warning C4312: 'type cast': conversion from 'int' to 'void *' of greater size
c:\users\owner\desktop\xyz\xyzxl\Addresses_1.h(92): warning C4312: 'type cast': conversion from 'int' to 'void *' of greater size
c:\users\owner\desktop\xyz\xyzxl\Addresses_1.h(109): warning C4312: 'type cast': conversion from 'int' to 'void *' of greater size
c:\users\owner\desktop\xyz\xyzxl\UDim2.h(14): warning C4005: 'lua_col3_classname': macro redefinition
  c:\users\owner\desktop\xyz\xyzxl\Color3.h(14): note: see previous definition of 'lua_col3_classname'
c:\users\owner\desktop\xyz\xyzxl\NumberRange.h(14): warning C4005: 'lua_col3_classname': macro redefinition
  c:\users\owner\desktop\xyz\xyzxl\UDim2.h(14): note: see previous definition of 'lua_col3_classname'
c:\users\owner\desktop\xyz\xyzxl\CFrame.h(14): warning C4005: 'lua_col3_classname': macro redefinition
  c:\users\owner\desktop\xyz\xyzxl\NumberRange.h(14): note: see previous definition of 'lua_col3_classname'
c:\users\owner\desktop\xyz\xyzxl\XYZ_DB.h(29): warning C4311: 'type cast': pointer truncation from 'HMODULE' to 'DWORD'
c:\users\owner\desktop\xyz\xyzxl\XYZ_DB.h(30): warning C4005: 'rbxaddy': macro redefinition
  c:\users\owner\desktop\xyz\xyzxl\Addresses_1.h(5): note: see previous definition of 'rbxaddy'
c:\users\owner\desktop\xyz\xyzxl\XYZ_DB.h(79): warning C4312: 'type cast': conversion from 'DWORD' to 'jsgiojs' of greater size
c:\users\owner\desktop\xyz\xyzxl\XYZ_DB.h(80): warning C4312: 'type cast': conversion from 'DWORD' to 'r' of greater size
c:\users\owner\desktop\xyz\xyzxl\XYZ_DB.h(81): warning C4312: 'type cast': conversion from 'int' to 'setP' of greater size
c:\users\owner\desktop\xyz\xyzxl\XYZ_DB.h(86): warning C4312: 'type cast': conversion from 'int' to 'BYTE *' of greater size
c:\users\owner\desktop\xyz\xyzxl\XYZ_DB.h(95): warning C4312: 'type cast': conversion from 'DWORD' to 'void (__cdecl *)(int,int)' of greater size
c:\users\owner\desktop\xyz\xyzxl\XYZ_DB.h(107): warning C4312: 'type cast': conversion from 'int' to 'void *' of greater size
c:\users\owner\desktop\xyz\xyzxl\XYZ_DB.h(122): warning C4312: 'type cast': conversion from 'int' to 'void *' of greater size
c:\users\owner\desktop\xyz\xyzxl\XYZ_DB.h(185): warning C4312: 'type cast': conversion from 'unsigned long' to 'DWORD *' of greater size
c:\users\owner\desktop\xyz\xyzxl\XYZ_DB.h(191): warning C4312: 'type cast': conversion from 'unsigned long' to 'DWORD *' of greater size
c:\users\owner\desktop\xyz\xyzxl\XYZ_DB.h(191): warning C4312: 'type cast': conversion from 'DWORD' to 'DWORD *' of greater size
c:\users\owner\desktop\xyz\xyzxl\XYZ_DB.h(192): warning C4312: 'type cast': conversion from 'unsigned long' to 'DWORD *' of greater size
c:\users\owner\desktop\xyz\xyzxl\XYZ_DB.h(192): warning C4312: 'type cast': conversion from 'DWORD' to 'DWORD *' of greater size
c:\users\owner\desktop\xyz\xyzxl\XYZ_DB.h(216): warning C4312: 'type cast': conversion from 'DWORD' to 'DWORD *' of greater size
c:\users\owner\desktop\xyz\xyzxl\XYZ_DB.h(227): warning C4312: 'type cast': conversion from 'int' to 'int *' of greater size
c:\users\owner\desktop\xyz\xyzxl\XYZ_DB.h(242): warning C4312: 'type cast': conversion from 'int' to 'int *' of greater size
c:\users\owner\desktop\xyz\xyzxl\XYZ_DB.h(276): warning C4312: 'type cast': conversion from 'int' to 'int *' of greater size
c:\users\owner\desktop\xyz\xyzxl\XYZ_DB.h(276): warning C4312: 'type cast': conversion from 'int' to 'std::string *' of greater size
c:\users\owner\desktop\xyz\xyzxl\XYZ_DB.h(300): warning C4312: 'type cast': conversion from 'int' to 'DWORD *' of greater size
c:\users\owner\desktop\xyz\xyzxl\XYZ_DB.h(300): warning C4312: 'type cast': conversion from 'DWORD' to 'int (__cdecl **)(void)' of greater size
c:\users\owner\desktop\xyz\xyzxl\XYZ_DB.h(300): warning C4312: 'type cast': conversion from 'int' to 'const char *' of greater size
c:\users\owner\desktop\xyz\xyzxl\XYZ_DB.h(323): warning C4312: 'type cast': conversion from 'int' to 'DWORD *' of greater size
c:\users\owner\desktop\xyz\xyzxl\XYZ_DB.h(325): warning C4312: 'type cast': conversion from 'DWORD' to 'DWORD *' of greater size
c:\users\owner\desktop\xyz\xyzxl\XYZ_DB.h(327): warning C4312: 'type cast': conversion from 'DWORD' to 'int *' of greater size
c:\users\owner\desktop\xyz\xyzxl\XYZ_DB.h(328): warning C4312: 'type cast': conversion from 'int' to 'int *' of greater size
c:\users\owner\desktop\xyz\xyzxl\XYZ_DB.h(347): warning C4312: 'type cast': conversion from 'int' to 'DWORD *' of greater size
c:\users\owner\desktop\xyz\xyzxl\XYZ_DB.h(349): warning C4312: 'type cast': conversion from 'DWORD' to 'DWORD *' of greater size
c:\users\owner\desktop\xyz\xyzxl\XYZ_DB.h(351): warning C4312: 'type cast': conversion from 'DWORD' to 'int *' of greater size
c:\users\owner\desktop\xyz\xyzxl\XYZ_DB.h(352): warning C4312: 'type cast': conversion from 'int' to 'int *' of greater size
c:\users\owner\desktop\xyz\xyzxl\XYZ_DB.h(381): warning C4312: 'type cast': conversion from 'int' to 'DWORD *' of greater size
c:\users\owner\desktop\xyz\xyzxl\XYZ_DB.h(383): warning C4312: 'type cast': conversion from 'DWORD' to 'DWORD *' of greater size
c:\users\owner\desktop\xyz\xyzxl\XYZ_DB.h(385): warning C4312: 'type cast': conversion from 'DWORD' to 'int *' of greater size
c:\users\owner\desktop\xyz\xyzxl\XYZ_DB.h(386): warning C4312: 'type cast': conversion from 'int' to 'int *' of greater size
c:\users\owner\desktop\xyz\xyzxl\XYZ_DB.h(415): warning C4312: 'type cast': conversion from 'int' to 'DWORD *' of greater size
c:\users\owner\desktop\xyz\xyzxl\XYZ_DB.h(417): warning C4312: 'type cast': conversion from 'DWORD' to 'DWORD *' of greater size
c:\users\owner\desktop\xyz\xyzxl\XYZ_DB.h(422): warning C4312: 'type cast': conversion from 'DWORD' to 'int *' of greater size
c:\users\owner\desktop\xyz\xyzxl\XYZ_DB.h(423): warning C4312: 'type cast': conversion from 'int' to 'int *' of greater size
c:\users\owner\desktop\xyz\xyzxl\XYZ_DB.h(438): warning C4312: 'type cast': conversion from 'int' to 'DWORD *' of greater size
c:\users\owner\desktop\xyz\xyzxl\XYZ_DB.h(440): warning C4312: 'type cast': conversion from 'DWORD' to 'DWORD *' of greater size
c:\users\owner\desktop\xyz\xyzxl\XYZ_DB.h(442): warning C4312: 'type cast': conversion from 'DWORD' to 'int *' of greater size
c:\users\owner\desktop\xyz\xyzxl\XYZ_DB.h(443): warning C4312: 'type cast': conversion from 'int' to 'int *' of greater size
c:\users\owner\desktop\xyz\xyzxl\XYZ_DB.h(459): warning C4312: 'type cast': conversion from 'int' to 'DWORD *' of greater size
c:\users\owner\desktop\xyz\xyzxl\XYZ_DB.h(461): warning C4312: 'type cast': conversion from 'DWORD' to 'DWORD *' of greater size
c:\users\owner\desktop\xyz\xyzxl\XYZ_DB.h(463): warning C4312: 'type cast': conversion from 'DWORD' to 'int *' of greater size
c:\users\owner\desktop\xyz\xyzxl\XYZ_DB.h(464): warning C4312: 'type cast': conversion from 'int' to 'int *' of greater size
c:\users\owner\desktop\xyz\xyzxl\XYZ_DB.h(481): warning C4312: 'type cast': conversion from 'int' to 'int *' of greater size
c:\users\owner\desktop\xyz\xyzxl\XYZ_DB.h(492): warning C4312: 'type cast': conversion from 'int' to 'int *' of greater size
c:\users\owner\desktop\xyz\xyzxl\XYZ_DB.h(501): warning C4312: 'type cast': conversion from 'int' to 'DWORD *' of greater size
c:\users\owner\desktop\xyz\xyzxl\XYZ_DB.h(507): warning C4312: 'type cast': conversion from 'DWORD' to 'DWORD *' of greater size
c:\users\owner\desktop\xyz\xyzxl\XYZ_DB.h(509): warning C4312: 'type cast': conversion from 'DWORD' to 'int *' of greater size
c:\users\owner\desktop\xyz\xyzxl\XYZ_DB.h(510): warning C4312: 'type cast': conversion from 'int' to 'int *' of greater size
c:\users\owner\desktop\xyz\xyzxl\XYZ_DB.h(530): warning C4312: 'type cast': conversion from 'int' to 'BYTE *' of greater size
c:\users\owner\desktop\xyz\xyzxl\XYZ_DB.h(537): warning C4312: 'type cast': conversion from 'int' to 'BYTE *' of greater size
c:\users\owner\desktop\xyz\xyzxl\XYZ_DB.h(544): warning C4312: 'type cast': conversion from 'int' to 'BYTE *' of greater size
c:\users\owner\desktop\xyz\xyzxl\XYZ_DB.h(553): warning C4312: 'type cast': conversion from 'int' to 'int *' of greater size
c:\users\owner\desktop\xyz\xyzxl\XYZ_DB.h(564): warning C4312: 'type cast': conversion from 'int' to 'int *' of greater size
c:\users\owner\desktop\xyz\xyzxl\XYZ_DB.h(574): warning C4312: 'type cast': conversion from 'int' to 'int *' of greater size
c:\users\owner\desktop\xyz\xyzxl\XYZ_DB.h(676): warning C4312: 'type cast': conversion from 'int' to 'BYTE *' of greater size
c:\users\owner\desktop\xyz\xyzxl\XYZ_DB.h(738): warning C4312: 'type cast': conversion from 'DWORD' to 'DWORD *' of greater size
c:\users\owner\desktop\xyz\xyzxl\XYZ_DB.h(755): warning C4312: 'type cast': conversion from 'DWORD' to 'DWORD *' of greater size
c:\users\owner\desktop\xyz\xyzxl\XYZ_DB.h(871): warning C4312: 'type cast': conversion from 'int' to 'DWORD *' of greater size
c:\users\owner\desktop\xyz\xyzxl\XYZ_DB.h(873): warning C4312: 'type cast': conversion from 'DWORD' to 'DWORD *' of greater size
c:\users\owner\desktop\xyz\xyzxl\XYZ_DB.h(874): warning C4312: 'type cast': conversion from 'DWORD' to 'int *' of greater size
c:\users\owner\desktop\xyz\xyzxl\XYZ_DB.h(876): warning C4312: 'type cast': conversion from 'int' to 'int *' of greater size
c:\users\owner\desktop\xyz\xyzxl\XYZ_DB.h(888): warning C4312: 'type cast': conversion from 'int' to 'int *' of greater size
c:\users\owner\desktop\xyz\xyzxl\XYZ_DB.h(964): warning C4312: 'type cast': conversion from 'int' to 'BYTE *' of greater size
c:\users\owner\desktop\xyz\xyzxl\XYZ_DB.h(974): warning C4312: 'type cast': conversion from 'int' to 'int *' of greater size
c:\users\owner\desktop\xyz\xyzxl\XYZ_DB.h(983): warning C4312: 'type cast': conversion from 'int' to 'BYTE *' of greater size
c:\users\owner\desktop\xyz\xyzxl\MainLua.h(65): warning C4312: 'type cast': conversion from 'DWORD' to 'LPVOID' of greater size
c:\users\owner\desktop\xyz\xyzxl\MainLua.h(66): warning C4312: 'type cast': conversion from 'DWORD' to 'char *' of greater size
c:\users\owner\desktop\xyz\xyzxl\MainLua.h(67): warning C4312: 'type cast': conversion from 'DWORD' to 'LPVOID' of greater size
c:\users\owner\desktop\xyz\xyzxl\MainLua.h(71): warning C4311: 'type cast': pointer truncation from 'HMODULE' to 'int'
c:\users\owner\desktop\xyz\xyzxl\MainLua.h(73): warning C4311: 'type cast': pointer truncation from 'HMODULE' to 'int'
c:\users\owner\desktop\xyz\xyzxl\MainLua.h(78): warning C4312: 'type cast': conversion from 'DWORD' to 'BYTE *' of greater size
c:\users\owner\desktop\xyz\xyzxl\MainLua.h(78): warning C4312: 'type cast': conversion from 'DWORD' to 'LONG_PTR *' of greater size
c:\users\owner\desktop\xyz\xyzxl\MainLua.h(83): warning C4311: 'type cast': pointer truncation from 'HMODULE' to 'int'
c:\users\owner\desktop\xyz\xyzxl\MainLua.h(83): warning C4312: 'type cast': conversion from 'int' to 'DWORD *' of greater size
c:\users\owner\desktop\xyz\xyzxl\MainLua.h(84): warning C4311: 'type cast': pointer truncation from 'HMODULE' to 'int'
c:\users\owner\desktop\xyz\xyzxl\MainLua.h(84): warning C4312: 'type cast': conversion from 'int' to 'DWORD *' of greater size
c:\users\owner\desktop\xyz\xyzxl\MainLua.h(90): warning C4311: 'type cast': pointer truncation from 'HMODULE' to 'int'
c:\users\owner\desktop\xyz\xyzxl\MainLua.h(90): warning C4312: 'type cast': conversion from 'int' to 'DWORD *' of greater size
c:\users\owner\desktop\xyz\xyzxl\MainLua.h(91): warning C4311: 'type cast': pointer truncation from 'HMODULE' to 'int'
c:\users\owner\desktop\xyz\xyzxl\MainLua.h(91): warning C4312: 'type cast': conversion from 'int' to 'DWORD *' of greater size
c:\users\owner\desktop\xyz\xyzxl\MainLua.h(190): warning C4312: 'type cast': conversion from 'DWORD' to 'LPVOID' of greater size
c:\users\owner\desktop\xyz\xyzxl\MainLua.h(191): warning C4312: 'type cast': conversion from 'DWORD' to 'char *' of greater size
c:\users\owner\desktop\xyz\xyzxl\MainLua.h(192): warning C4312: 'type cast': conversion from 'DWORD' to 'LPVOID' of greater size
c:\users\owner\desktop\xyz\xyzxl\MainLua.h(196): warning C4312: 'type cast': conversion from 'DWORD' to 'void *' of greater size
c:\users\owner\desktop\xyz\xyzxl\MainLua.h(197): warning C4312: 'type cast': conversion from 'DWORD' to 'char *' of greater size
c:\users\owner\desktop\xyz\xyzxl\MainLua.h(198): warning C4312: 'type cast': conversion from 'DWORD' to 'void *' of greater size
c:\users\owner\desktop\xyz\xyzxl\MainLua.h(277): warning C4312: 'type cast': conversion from 'unsigned long' to 'BYTE *' of greater size
c:\users\owner\desktop\xyz\xyzxl\MainLua.h(283): warning C4311: 'type cast': pointer truncation from 'HMODULE' to 'DWORD'
c:\users\owner\desktop\xyz\xyzxl\MainLua.h(314): warning C4312: 'type cast': conversion from 'DWORD' to 'rbxlua_pushboolf' of greater size
c:\users\owner\desktop\xyz\xyzxl\MainLua.h(317): warning C4312: 'type cast': conversion from 'DWORD' to 'rbxlua_Newthread' of greater size
c:\users\owner\desktop\xyz\xyzxl\MainLua.h(321): warning C4312: 'type cast': conversion from 'DWORD' to 'rbxlua_ToNumber' of greater size
c:\users\owner\desktop\xyz\xyzxl\MainLua.h(327): warning C4312: 'type cast': conversion from 'DWORD' to 'rbxlua_PushString' of greater size
c:\users\owner\desktop\xyz\xyzxl\MainLua.h(329): warning C4312: 'type cast': conversion from 'DWORD' to 'rbxlua_SetField' of greater size
c:\users\owner\desktop\xyz\xyzxl\MainLua.h(348): warning C4312: 'type cast': conversion from 'DWORD' to 'rbxlua_PCall' of greater size
c:\users\owner\desktop\xyz\xyzxl\MainLua.h(352): warning C4312: 'type cast': conversion from 'DWORD' to 'rbxlua_ToLString' of greater size
c:\users\owner\desktop\xyz\xyzxl\MainLua.h(358): warning C4312: 'type cast': conversion from 'DWORD' to 'rbxlua_SetTop' of greater size
c:\users\owner\desktop\xyz\xyzxl\MainLua.h(363): warning C4312: 'type cast': conversion from 'DWORD' to 'rbxlua_ToBoolean' of greater size
c:\users\owner\desktop\xyz\xyzxl\MainLua.h(369): warning C4312: 'type cast': conversion from 'DWORD' to 'rbxlua_Type' of greater size
c:\users\owner\desktop\xyz\xyzxl\MainLua.h(373): warning C4312: 'type cast': conversion from 'DWORD' to 'rbxlua_GetField' of greater size
c:\users\owner\desktop\xyz\xyzxl\MainLua.h(379): warning C4312: 'type cast': conversion from 'DWORD' to 'rbxlua_PushValue' of greater size
c:\users\owner\desktop\xyz\xyzxl\MainLua.h(384): warning C4312: 'type cast': conversion from 'DWORD' to 'rbxlua_GetTop' of greater size
c:\users\owner\desktop\xyz\xyzxl\MainLua.h(388): warning C4312: 'type cast': conversion from 'DWORD' to 'rbxlua_ToUserData' of greater size
c:\users\owner\desktop\xyz\xyzxl\MainLua.h(395): warning C4312: 'type cast': conversion from 'DWORD' to 'rbxlua_chatthing' of greater size
c:\users\owner\desktop\xyz\xyzxl\MainLua.h(401): warning C4312: 'type cast': conversion from 'DWORD' to 'rbxlua_Setmetatable' of greater size
c:\users\owner\desktop\xyz\xyzxl\MainLua.h(403): warning C4312: 'type cast': conversion from 'DWORD' to 'rbxlua_Newuserdata' of greater size
c:\users\owner\desktop\xyz\xyzxl\MainLua.h(450): warning C4312: 'type cast': conversion from 'DWORD' to 'DWORD *' of greater size
c:\users\owner\desktop\xyz\xyzxl\MainLua.h(451): warning C4312: 'type cast': conversion from 'DWORD' to 'DWORD *' of greater size
c:\users\owner\desktop\xyz\xyzxl\MainLua.h(661): warning C4311: 'type cast': pointer truncation from 'rbxlua_PushNumber' to 'int'
c:\users\owner\desktop\xyz\xyzxl\MainLua.h(694): warning C4312: 'type cast': conversion from 'DWORD' to 'DWORD *' of greater size
c:\users\owner\desktop\xyz\xyzxl\MainLua.h(694): warning C4312: 'type cast': conversion from 'unsigned long' to 'DWORD *' of greater size
c:\users\owner\desktop\xyz\xyzxl\MainLua.h(696): warning C4312: 'type cast': conversion from 'DWORD' to 'DWORD *' of greater size
c:\users\owner\desktop\xyz\xyzxl\MainLua.h(697): warning C4312: 'type cast': conversion from 'int' to 'DWORD *' of greater size
c:\users\owner\desktop\xyz\xyzxl\MainLua.h(698): warning C4312: 'type cast': conversion from 'int' to 'DWORD *' of greater size
c:\users\owner\desktop\xyz\xyzxl\MainLua.h(699): warning C4312: 'type cast': conversion from 'DWORD' to 'DWORD *' of greater size
c:\users\owner\desktop\xyz\xyzxl\MainLua.h(1033): warning C4311: 'type cast': pointer truncation from 'lua_State *' to 'DWORD'
c:\users\owner\desktop\xyz\xyzxl\MainLua.h(6559): warning C4312: 'type cast': conversion from 'int' to 'int *' of greater size
c:\users\owner\desktop\xyz\xyzxl\MainLua.h(6618): warning C4312: 'type cast': conversion from 'DWORD' to 'DWORD *' of greater size
c:\users\owner\desktop\xyz\xyzxl\MainLua.h(6650): warning C4312: 'type cast': conversion from 'DWORD' to 'DWORD *' of greater size
c:\users\owner\desktop\xyz\xyzxl\MainLua.h(6652): warning C4312: 'type cast': conversion from 'DWORD' to 'DWORD *' of greater size
c:\users\owner\desktop\xyz\xyzxl\MainLua.h(6653): warning C4311: 'type cast': pointer truncation from 'DWORD *' to 'DWORD'
c:\users\owner\desktop\xyz\xyzxl\MainLua.h(6657): warning C4311: 'type cast': pointer truncation from 'const Instruction *' to 'DWORD'
c:\users\owner\desktop\xyz\xyzxl\MainLua.h(6657): warning C4311: 'type cast': pointer truncation from 'TValue *' to 'DWORD'
c:\users\owner\desktop\xyz\xyzxl\MainLua.h(6664): warning C4312: 'type cast': conversion from 'DWORD' to 'DWORD *' of greater size
c:\users\owner\desktop\xyz\xyzxl\MainLua.h(6671): warning C4312: 'type cast': conversion from 'DWORD' to 'void *' of greater size
c:\users\owner\desktop\xyz\xyzxl\MainLua.h(6681): warning C4312: 'type cast': conversion from 'DWORD' to 'void *' of greater size
c:\users\owner\desktop\xyz\xyzxl\MainLua.h(6687): warning C4312: 'type cast': conversion from 'DWORD' to 'TValue *' of greater size
c:\users\owner\desktop\xyz\xyzxl\DoCommand.h(243): warning C4312: 'type cast': conversion from 'DWORD' to 'BYTE *' of greater size
c:\users\owner\desktop\xyz\xyzxl\DoCommand.h(255): warning C4312: 'type cast': conversion from 'DWORD' to 'void *' of greater size
c:\users\owner\desktop\xyz\xyzxl\DoCommand.h(288): warning C4312: 'type cast': conversion from 'DWORD' to 'xxxxxxx' of greater size
c:\users\owner\desktop\xyz\xyzxl\DoCommand.h(288): warning C4312: 'type cast': conversion from 'int' to 'void *' of greater size
c:\users\owner\desktop\xyz\xyzxl\DoCommand.h(776): warning C4312: 'type cast': conversion from 'DWORD' to 'DWORD *' of greater size
c:\users\owner\desktop\xyz\xyzxl\DoCommand.h(778): warning C4312: 'type cast': conversion from 'DWORD' to 'DWORD *' of greater size
c:\users\owner\desktop\xyz\xyzxl\DoCommand.h(779): warning C4312: 'type cast': conversion from 'DWORD' to 'DWORD *' of greater size
c:\users\owner\desktop\xyz\xyzxl\DoCommand.h(781): warning C4312: 'type cast': conversion from 'DWORD' to 'DWORD *' of greater size
c:\users\owner\desktop\xyz\xyzxl\DoCommand.h(782): warning C4312: 'type cast': conversion from 'DWORD' to 'DWORD *' of greater size
c:\users\owner\desktop\xyz\xyzxl\DoCommand.h(784): warning C4312: 'type cast': conversion from 'DWORD' to 'BYTE *' of greater size
c:\users\owner\desktop\xyz\xyzxl\DoCommand.h(786): warning C4312: 'type cast': conversion from 'DWORD' to 'BYTE *' of greater size
c:\users\owner\desktop\xyz\xyzxl\DoCommand.h(2296): warning C4312: 'type cast': conversion from 'unsigned long' to 'BYTE *' of greater size
c:\users\owner\desktop\xyz\xyzxl\form.h(139): warning C4311: 'type cast': pointer truncation from 'BOOL (__cdecl *)(void)' to 'int'
dllmain.cpp(74): warning C4312: 'type cast': conversion from 'DWORD' to 'check' of greater size
dllmain.cpp(75): warning C4312: 'type cast': conversion from 'DWORD' to 'check' of greater size
dllmain.cpp(76): warning C4312: 'type cast': conversion from 'DWORD' to 'servers' of greater size
dllmain.cpp(91): warning C4312: 'type cast': conversion from 'int' to 'DWORD *' of greater size
dllmain.cpp(103): warning C4312: 'type cast': conversion from 'DWORD' to 'BYTE *' of greater size
dllmain.cpp(115): warning C4312: 'type cast': conversion from 'DWORD' to 'void *' of greater size
dllmain.cpp(141): warning C4312: 'type cast': conversion from 'DWORD' to 'void *' of greater size
dllmain.cpp(373): warning C4312: 'type cast': conversion from 'int' to 'LPVOID' of greater size
dllmain.cpp(376): warning C4312: 'type cast': conversion from 'int' to 'BYTE *' of greater size
dllmain.cpp(380): warning C4312: 'type cast': conversion from 'int' to 'LPVOID' of greater size
dllmain.cpp(386): warning C4312: 'type cast': conversion from 'DWORD' to 'pOpenState_' of greater size
dllmain.cpp(391): warning C4312: 'type cast': conversion from 'DWORD' to 'pOpenState' of greater size
dllmain.cpp(391): warning C4312: 'type cast': conversion from 'int' to 'void *' of greater size
dllmain.cpp(401): warning C4312: 'type cast': conversion from 'DWORD' to 'pOpenState' of greater size
dllmain.cpp(401): warning C4312: 'type cast': conversion from 'int' to 'void *' of greater size
dllmain.cpp(412): warning C4312: 'type cast': conversion from 'DWORD' to 'pOpenState' of greater size
dllmain.cpp(412): warning C4312: 'type cast': conversion from 'int' to 'void *' of greater size
dllmain.cpp(606): warning C4311: 'type cast': pointer truncation from 'FARPROC' to 'DWORD'
dllmain.cpp(931): warning C4311: 'type cast': pointer truncation from 'HMODULE' to 'int'
dllmain.cpp(935): warning C4312: 'type cast': conversion from 'int' to 'int *' of greater size
dllmain.cpp(936): warning C4312: 'type cast': conversion from 'int' to 'int *' of greater size
dllmain.cpp(938): warning C4312: 'type cast': conversion from 'int' to 'BYTE *' of greater size
dllmain.cpp(939): warning C4312: 'type cast': conversion from 'int' to 'LPVOID' of greater size
dllmain.cpp(940): warning C4312: 'type cast': conversion from 'int' to 'BYTE *' of greater size
dllmain.cpp(942): warning C4312: 'type cast': conversion from 'int' to 'int *' of greater size
dllmain.cpp(943): warning C4312: 'type cast': conversion from 'int' to 'int *' of greater size
dllmain.cpp(944): warning C4312: 'type cast': conversion from 'int' to 'BYTE *' of greater size
dllmain.cpp(945): warning C4312: 'type cast': conversion from 'int' to 'PVOID' of greater size
  Events.cpp
c:\users\owner\desktop\xyz\xyzxl\Addresses_1.h(4): warning C4311: 'type cast': pointer truncation from 'HMODULE' to 'DWORD'
c:\users\owner\desktop\xyz\xyzxl\Addresses_1.h(29): warning C4312: 'type cast': conversion from 'int' to 'functiondouble' of greater size
c:\users\owner\desktop\xyz\xyzxl\Addresses_1.h(36): warning C4312: 'type cast': conversion from 'int' to 'zfunction' of greater size
c:\users\owner\desktop\xyz\xyzxl\Addresses_1.h(37): warning C4312: 'type cast': conversion from 'int' to 'zfunction' of greater size
c:\users\owner\desktop\xyz\xyzxl\Addresses_1.h(60): warning C4312: 'type cast': conversion from 'int' to 'void *' of greater size
c:\users\owner\desktop\xyz\xyzxl\Addresses_1.h(75): warning C4312: 'type cast': conversion from 'int' to 'void *' of greater size
c:\users\owner\desktop\xyz\xyzxl\Addresses_1.h(92): warning C4312: 'type cast': conversion from 'int' to 'void *' of greater size
c:\users\owner\desktop\xyz\xyzxl\Addresses_1.h(109): warning C4312: 'type cast': conversion from 'int' to 'void *' of greater size
c:\users\owner\desktop\xyz\xyzxl\UDim2.h(14): warning C4005: 'lua_col3_classname': macro redefinition
  c:\users\owner\desktop\xyz\xyzxl\Color3.h(14): note: see previous definition of 'lua_col3_classname'
c:\users\owner\desktop\xyz\xyzxl\NumberRange.h(14): warning C4005: 'lua_col3_classname': macro redefinition
  c:\users\owner\desktop\xyz\xyzxl\UDim2.h(14): note: see previous definition of 'lua_col3_classname'
c:\users\owner\desktop\xyz\xyzxl\CFrame.h(14): warning C4005: 'lua_col3_classname': macro redefinition
  c:\users\owner\desktop\xyz\xyzxl\NumberRange.h(14): note: see previous definition of 'lua_col3_classname'
c:\users\owner\desktop\xyz\xyzxl\XYZ_DB.h(29): warning C4311: 'type cast': pointer truncation from 'HMODULE' to 'DWORD'
c:\users\owner\desktop\xyz\xyzxl\XYZ_DB.h(30): warning C4005: 'rbxaddy': macro redefinition
  c:\users\owner\desktop\xyz\xyzxl\Addresses_1.h(5): note: see previous definition of 'rbxaddy'
c:\users\owner\desktop\xyz\xyzxl\XYZ_DB.h(79): warning C4312: 'type cast': conversion from 'DWORD' to 'jsgiojs' of greater size
c:\users\owner\desktop\xyz\xyzxl\XYZ_DB.h(80): warning C4312: 'type cast': conversion from 'DWORD' to 'r' of greater size
c:\users\owner\desktop\xyz\xyzxl\XYZ_DB.h(81): warning C4312: 'type cast': conversion from 'int' to 'setP' of greater size
c:\users\owner\desktop\xyz\xyzxl\XYZ_DB.h(86): warning C4312: 'type cast': conversion from 'int' to 'BYTE *' of greater size
c:\users\owner\desktop\xyz\xyzxl\XYZ_DB.h(95): warning C4312: 'type cast': conversion from 'DWORD' to 'void (__cdecl *)(int,int)' of greater size
c:\users\owner\desktop\xyz\xyzxl\XYZ_DB.h(107): warning C4312: 'type cast': conversion from 'int' to 'void *' of greater size
c:\users\owner\desktop\xyz\xyzxl\XYZ_DB.h(122): warning C4312: 'type cast': conversion from 'int' to 'void *' of greater size
c:\users\owner\desktop\xyz\xyzxl\XYZ_DB.h(185): warning C4312: 'type cast': conversion from 'unsigned long' to 'DWORD *' of greater size
c:\users\owner\desktop\xyz\xyzxl\XYZ_DB.h(191): warning C4312: 'type cast': conversion from 'unsigned long' to 'DWORD *' of greater size
c:\users\owner\desktop\xyz\xyzxl\XYZ_DB.h(191): warning C4312: 'type cast': conversion from 'DWORD' to 'DWORD *' of greater size
c:\users\owner\desktop\xyz\xyzxl\XYZ_DB.h(192): warning C4312: 'type cast': conversion from 'unsigned long' to 'DWORD *' of greater size
c:\users\owner\desktop\xyz\xyzxl\XYZ_DB.h(192): warning C4312: 'type cast': conversion from 'DWORD' to 'DWORD *' of greater size
c:\users\owner\desktop\xyz\xyzxl\XYZ_DB.h(216): warning C4312: 'type cast': conversion from 'DWORD' to 'DWORD *' of greater size
c:\users\owner\desktop\xyz\xyzxl\XYZ_DB.h(227): warning C4312: 'type cast': conversion from 'int' to 'int *' of greater size
c:\users\owner\desktop\xyz\xyzxl\XYZ_DB.h(242): warning C4312: 'type cast': conversion from 'int' to 'int *' of greater size
c:\users\owner\desktop\xyz\xyzxl\XYZ_DB.h(276): warning C4312: 'type cast': conversion from 'int' to 'int *' of greater size
c:\users\owner\desktop\xyz\xyzxl\XYZ_DB.h(276): warning C4312: 'type cast': conversion from 'int' to 'std::string *' of greater size
c:\users\owner\desktop\xyz\xyzxl\XYZ_DB.h(300): warning C4312: 'type cast': conversion from 'int' to 'DWORD *' of greater size
c:\users\owner\desktop\xyz\xyzxl\XYZ_DB.h(300): warning C4312: 'type cast': conversion from 'DWORD' to 'int (__cdecl **)(void)' of greater size
c:\users\owner\desktop\xyz\xyzxl\XYZ_DB.h(300): warning C4312: 'type cast': conversion from 'int' to 'const char *' of greater size
c:\users\owner\desktop\xyz\xyzxl\XYZ_DB.h(323): warning C4312: 'type cast': conversion from 'int' to 'DWORD *' of greater size
c:\users\owner\desktop\xyz\xyzxl\XYZ_DB.h(325): warning C4312: 'type cast': conversion from 'DWORD' to 'DWORD *' of greater size
c:\users\owner\desktop\xyz\xyzxl\XYZ_DB.h(327): warning C4312: 'type cast': conversion from 'DWORD' to 'int *' of greater size
c:\users\owner\desktop\xyz\xyzxl\XYZ_DB.h(328): warning C4312: 'type cast': conversion from 'int' to 'int *' of greater size
c:\users\owner\desktop\xyz\xyzxl\XYZ_DB.h(347): warning C4312: 'type cast': conversion from 'int' to 'DWORD *' of greater size
c:\users\owner\desktop\xyz\xyzxl\XYZ_DB.h(349): warning C4312: 'type cast': conversion from 'DWORD' to 'DWORD *' of greater size
c:\users\owner\desktop\xyz\xyzxl\XYZ_DB.h(351): warning C4312: 'type cast': conversion from 'DWORD' to 'int *' of greater size
c:\users\owner\desktop\xyz\xyzxl\XYZ_DB.h(352): warning C4312: 'type cast': conversion from 'int' to 'int *' of greater size
c:\users\owner\desktop\xyz\xyzxl\XYZ_DB.h(381): warning C4312: 'type cast': conversion from 'int' to 'DWORD *' of greater size
c:\users\owner\desktop\xyz\xyzxl\XYZ_DB.h(383): warning C4312: 'type cast': conversion from 'DWORD' to 'DWORD *' of greater size
c:\users\owner\desktop\xyz\xyzxl\XYZ_DB.h(385): warning C4312: 'type cast': conversion from 'DWORD' to 'int *' of greater size
c:\users\owner\desktop\xyz\xyzxl\XYZ_DB.h(386): warning C4312: 'type cast': conversion from 'int' to 'int *' of greater size
c:\users\owner\desktop\xyz\xyzxl\XYZ_DB.h(415): warning C4312: 'type cast': conversion from 'int' to 'DWORD *' of greater size
c:\users\owner\desktop\xyz\xyzxl\XYZ_DB.h(417): warning C4312: 'type cast': conversion from 'DWORD' to 'DWORD *' of greater size
c:\users\owner\desktop\xyz\xyzxl\XYZ_DB.h(422): warning C4312: 'type cast': conversion from 'DWORD' to 'int *' of greater size
c:\users\owner\desktop\xyz\xyzxl\XYZ_DB.h(423): warning C4312: 'type cast': conversion from 'int' to 'int *' of greater size
c:\users\owner\desktop\xyz\xyzxl\XYZ_DB.h(438): warning C4312: 'type cast': conversion from 'int' to 'DWORD *' of greater size
c:\users\owner\desktop\xyz\xyzxl\XYZ_DB.h(440): warning C4312: 'type cast': conversion from 'DWORD' to 'DWORD *' of greater size
c:\users\owner\desktop\xyz\xyzxl\XYZ_DB.h(442): warning C4312: 'type cast': conversion from 'DWORD' to 'int *' of greater size
c:\users\owner\desktop\xyz\xyzxl\XYZ_DB.h(443): warning C4312: 'type cast': conversion from 'int' to 'int *' of greater size
c:\users\owner\desktop\xyz\xyzxl\XYZ_DB.h(459): warning C4312: 'type cast': conversion from 'int' to 'DWORD *' of greater size
c:\users\owner\desktop\xyz\xyzxl\XYZ_DB.h(461): warning C4312: 'type cast': conversion from 'DWORD' to 'DWORD *' of greater size
c:\users\owner\desktop\xyz\xyzxl\XYZ_DB.h(463): warning C4312: 'type cast': conversion from 'DWORD' to 'int *' of greater size
c:\users\owner\desktop\xyz\xyzxl\XYZ_DB.h(464): warning C4312: 'type cast': conversion from 'int' to 'int *' of greater size
c:\users\owner\desktop\xyz\xyzxl\XYZ_DB.h(481): warning C4312: 'type cast': conversion from 'int' to 'int *' of greater size
c:\users\owner\desktop\xyz\xyzxl\XYZ_DB.h(492): warning C4312: 'type cast': conversion from 'int' to 'int *' of greater size
c:\users\owner\desktop\xyz\xyzxl\XYZ_DB.h(501): warning C4312: 'type cast': conversion from 'int' to 'DWORD *' of greater size
c:\users\owner\desktop\xyz\xyzxl\XYZ_DB.h(507): warning C4312: 'type cast': conversion from 'DWORD' to 'DWORD *' of greater size
c:\users\owner\desktop\xyz\xyzxl\XYZ_DB.h(509): warning C4312: 'type cast': conversion from 'DWORD' to 'int *' of greater size
c:\users\owner\desktop\xyz\xyzxl\XYZ_DB.h(510): warning C4312: 'type cast': conversion from 'int' to 'int *' of greater size
c:\users\owner\desktop\xyz\xyzxl\XYZ_DB.h(530): warning C4312: 'type cast': conversion from 'int' to 'BYTE *' of greater size
c:\users\owner\desktop\xyz\xyzxl\XYZ_DB.h(537): warning C4312: 'type cast': conversion from 'int' to 'BYTE *' of greater size
c:\users\owner\desktop\xyz\xyzxl\XYZ_DB.h(544): warning C4312: 'type cast': conversion from 'int' to 'BYTE *' of greater size
c:\users\owner\desktop\xyz\xyzxl\XYZ_DB.h(553): warning C4312: 'type cast': conversion from 'int' to 'int *' of greater size
c:\users\owner\desktop\xyz\xyzxl\XYZ_DB.h(564): warning C4312: 'type cast': conversion from 'int' to 'int *' of greater size
c:\users\owner\desktop\xyz\xyzxl\XYZ_DB.h(574): warning C4312: 'type cast': conversion from 'int' to 'int *' of greater size
c:\users\owner\desktop\xyz\xyzxl\XYZ_DB.h(676): warning C4312: 'type cast': conversion from 'int' to 'BYTE *' of greater size
c:\users\owner\desktop\xyz\xyzxl\XYZ_DB.h(738): warning C4312: 'type cast': conversion from 'DWORD' to 'DWORD *' of greater size
c:\users\owner\desktop\xyz\xyzxl\XYZ_DB.h(755): warning C4312: 'type cast': conversion from 'DWORD' to 'DWORD *' of greater size
c:\users\owner\desktop\xyz\xyzxl\XYZ_DB.h(871): warning C4312: 'type cast': conversion from 'int' to 'DWORD *' of greater size
c:\users\owner\desktop\xyz\xyzxl\XYZ_DB.h(873): warning C4312: 'type cast': conversion from 'DWORD' to 'DWORD *' of greater size
c:\users\owner\desktop\xyz\xyzxl\XYZ_DB.h(874): warning C4312: 'type cast': conversion from 'DWORD' to 'int *' of greater size
c:\users\owner\desktop\xyz\xyzxl\XYZ_DB.h(876): warning C4312: 'type cast': conversion from 'int' to 'int *' of greater size
c:\users\owner\desktop\xyz\xyzxl\XYZ_DB.h(888): warning C4312: 'type cast': conversion from 'int' to 'int *' of greater size
c:\users\owner\desktop\xyz\xyzxl\XYZ_DB.h(964): warning C4312: 'type cast': conversion from 'int' to 'BYTE *' of greater size
c:\users\owner\desktop\xyz\xyzxl\XYZ_DB.h(974): warning C4312: 'type cast': conversion from 'int' to 'int *' of greater size
c:\users\owner\desktop\xyz\xyzxl\XYZ_DB.h(983): warning C4312: 'type cast': conversion from 'int' to 'BYTE *' of greater size
c:\users\owner\desktop\xyz\xyzxl\MainLua.h(65): warning C4312: 'type cast': conversion from 'DWORD' to 'LPVOID' of greater size
c:\users\owner\desktop\xyz\xyzxl\MainLua.h(66): warning C4312: 'type cast': conversion from 'DWORD' to 'char *' of greater size
c:\users\owner\desktop\xyz\xyzxl\MainLua.h(67): warning C4312: 'type cast': conversion from 'DWORD' to 'LPVOID' of greater size
c:\users\owner\desktop\xyz\xyzxl\MainLua.h(71): warning C4311: 'type cast': pointer truncation from 'HMODULE' to 'int'
c:\users\owner\desktop\xyz\xyzxl\MainLua.h(73): warning C4311: 'type cast': pointer truncation from 'HMODULE' to 'int'
c:\users\owner\desktop\xyz\xyzxl\MainLua.h(78): warning C4312: 'type cast': conversion from 'DWORD' to 'BYTE *' of greater size
c:\users\owner\desktop\xyz\xyzxl\MainLua.h(78): warning C4312: 'type cast': conversion from 'DWORD' to 'LONG_PTR *' of greater size
c:\users\owner\desktop\xyz\xyzxl\MainLua.h(83): warning C4311: 'type cast': pointer truncation from 'HMODULE' to 'int'
c:\users\owner\desktop\xyz\xyzxl\MainLua.h(83): warning C4312: 'type cast': conversion from 'int' to 'DWORD *' of greater size
c:\users\owner\desktop\xyz\xyzxl\MainLua.h(84): warning C4311: 'type cast': pointer truncation from 'HMODULE' to 'int'
c:\users\owner\desktop\xyz\xyzxl\MainLua.h(84): warning C4312: 'type cast': conversion from 'int' to 'DWORD *' of greater size
c:\users\owner\desktop\xyz\xyzxl\MainLua.h(90): warning C4311: 'type cast': pointer truncation from 'HMODULE' to 'int'
c:\users\owner\desktop\xyz\xyzxl\MainLua.h(90): warning C4312: 'type cast': conversion from 'int' to 'DWORD *' of greater size
c:\users\owner\desktop\xyz\xyzxl\MainLua.h(91): warning C4311: 'type cast': pointer truncation from 'HMODULE' to 'int'
c:\users\owner\desktop\xyz\xyzxl\MainLua.h(91): warning C4312: 'type cast': conversion from 'int' to 'DWORD *' of greater size
c:\users\owner\desktop\xyz\xyzxl\MainLua.h(190): warning C4312: 'type cast': conversion from 'DWORD' to 'LPVOID' of greater size
c:\users\owner\desktop\xyz\xyzxl\MainLua.h(191): warning C4312: 'type cast': conversion from 'DWORD' to 'char *' of greater size
c:\users\owner\desktop\xyz\xyzxl\MainLua.h(192): warning C4312: 'type cast': conversion from 'DWORD' to 'LPVOID' of greater size
c:\users\owner\desktop\xyz\xyzxl\MainLua.h(196): warning C4312: 'type cast': conversion from 'DWORD' to 'void *' of greater size
c:\users\owner\desktop\xyz\xyzxl\MainLua.h(197): warning C4312: 'type cast': conversion from 'DWORD' to 'char *' of greater size
c:\users\owner\desktop\xyz\xyzxl\MainLua.h(198): warning C4312: 'type cast': conversion from 'DWORD' to 'void *' of greater size
c:\users\owner\desktop\xyz\xyzxl\MainLua.h(277): warning C4312: 'type cast': conversion from 'unsigned long' to 'BYTE *' of greater size
c:\users\owner\desktop\xyz\xyzxl\MainLua.h(283): warning C4311: 'type cast': pointer truncation from 'HMODULE' to 'DWORD'
c:\users\owner\desktop\xyz\xyzxl\MainLua.h(314): warning C4312: 'type cast': conversion from 'DWORD' to 'rbxlua_pushboolf' of greater size
c:\users\owner\desktop\xyz\xyzxl\MainLua.h(317): warning C4312: 'type cast': conversion from 'DWORD' to 'rbxlua_Newthread' of greater size
c:\users\owner\desktop\xyz\xyzxl\MainLua.h(321): warning C4312: 'type cast': conversion from 'DWORD' to 'rbxlua_ToNumber' of greater size
c:\users\owner\desktop\xyz\xyzxl\MainLua.h(327): warning C4312: 'type cast': conversion from 'DWORD' to 'rbxlua_PushString' of greater size
c:\users\owner\desktop\xyz\xyzxl\MainLua.h(329): warning C4312: 'type cast': conversion from 'DWORD' to 'rbxlua_SetField' of greater size
c:\users\owner\desktop\xyz\xyzxl\MainLua.h(348): warning C4312: 'type cast': conversion from 'DWORD' to 'rbxlua_PCall' of greater size
c:\users\owner\desktop\xyz\xyzxl\MainLua.h(352): warning C4312: 'type cast': conversion from 'DWORD' to 'rbxlua_ToLString' of greater size
c:\users\owner\desktop\xyz\xyzxl\MainLua.h(358): warning C4312: 'type cast': conversion from 'DWORD' to 'rbxlua_SetTop' of greater size
c:\users\owner\desktop\xyz\xyzxl\MainLua.h(363): warning C4312: 'type cast': conversion from 'DWORD' to 'rbxlua_ToBoolean' of greater size
c:\users\owner\desktop\xyz\xyzxl\MainLua.h(369): warning C4312: 'type cast': conversion from 'DWORD' to 'rbxlua_Type' of greater size
c:\users\owner\desktop\xyz\xyzxl\MainLua.h(373): warning C4312: 'type cast': conversion from 'DWORD' to 'rbxlua_GetField' of greater size
c:\users\owner\desktop\xyz\xyzxl\MainLua.h(379): warning C4312: 'type cast': conversion from 'DWORD' to 'rbxlua_PushValue' of greater size
c:\users\owner\desktop\xyz\xyzxl\MainLua.h(384): warning C4312: 'type cast': conversion from 'DWORD' to 'rbxlua_GetTop' of greater size
c:\users\owner\desktop\xyz\xyzxl\MainLua.h(388): warning C4312: 'type cast': conversion from 'DWORD' to 'rbxlua_ToUserData' of greater size
c:\users\owner\desktop\xyz\xyzxl\MainLua.h(395): warning C4312: 'type cast': conversion from 'DWORD' to 'rbxlua_chatthing' of greater size
c:\users\owner\desktop\xyz\xyzxl\MainLua.h(401): warning C4312: 'type cast': conversion from 'DWORD' to 'rbxlua_Setmetatable' of greater size
c:\users\owner\desktop\xyz\xyzxl\MainLua.h(403): warning C4312: 'type cast': conversion from 'DWORD' to 'rbxlua_Newuserdata' of greater size
c:\users\owner\desktop\xyz\xyzxl\MainLua.h(450): warning C4312: 'type cast': conversion from 'DWORD' to 'DWORD *' of greater size
c:\users\owner\desktop\xyz\xyzxl\MainLua.h(451): warning C4312: 'type cast': conversion from 'DWORD' to 'DWORD *' of greater size
c:\users\owner\desktop\xyz\xyzxl\MainLua.h(661): warning C4311: 'type cast': pointer truncation from 'rbxlua_PushNumber' to 'int'
c:\users\owner\desktop\xyz\xyzxl\MainLua.h(694): warning C4312: 'type cast': conversion from 'DWORD' to 'DWORD *' of greater size
c:\users\owner\desktop\xyz\xyzxl\MainLua.h(694): warning C4312: 'type cast': conversion from 'unsigned long' to 'DWORD *' of greater size
c:\users\owner\desktop\xyz\xyzxl\MainLua.h(696): warning C4312: 'type cast': conversion from 'DWORD' to 'DWORD *' of greater size
c:\users\owner\desktop\xyz\xyzxl\MainLua.h(697): warning C4312: 'type cast': conversion from 'int' to 'DWORD *' of greater size
c:\users\owner\desktop\xyz\xyzxl\MainLua.h(698): warning C4312: 'type cast': conversion from 'int' to 'DWORD *' of greater size
c:\users\owner\desktop\xyz\xyzxl\MainLua.h(699): warning C4312: 'type cast': conversion from 'DWORD' to 'DWORD *' of greater size
c:\users\owner\desktop\xyz\xyzxl\MainLua.h(1033): warning C4311: 'type cast': pointer truncation from 'lua_State *' to 'DWORD'
c:\users\owner\desktop\xyz\xyzxl\MainLua.h(6559): warning C4312: 'type cast': conversion from 'int' to 'int *' of greater size
c:\users\owner\desktop\xyz\xyzxl\MainLua.h(6618): warning C4312: 'type cast': conversion from 'DWORD' to 'DWORD *' of greater size
c:\users\owner\desktop\xyz\xyzxl\MainLua.h(6650): warning C4312: 'type cast': conversion from 'DWORD' to 'DWORD *' of greater size
c:\users\owner\desktop\xyz\xyzxl\MainLua.h(6652): warning C4312: 'type cast': conversion from 'DWORD' to 'DWORD *' of greater size
c:\users\owner\desktop\xyz\xyzxl\MainLua.h(6653): warning C4311: 'type cast': pointer truncation from 'DWORD *' to 'DWORD'
c:\users\owner\desktop\xyz\xyzxl\MainLua.h(6657): warning C4311: 'type cast': pointer truncation from 'const Instruction *' to 'DWORD'
c:\users\owner\desktop\xyz\xyzxl\MainLua.h(6657): warning C4311: 'type cast': pointer truncation from 'TValue *' to 'DWORD'
c:\users\owner\desktop\xyz\xyzxl\MainLua.h(6664): warning C4312: 'type cast': conversion from 'DWORD' to 'DWORD *' of greater size
c:\users\owner\desktop\xyz\xyzxl\MainLua.h(6671): warning C4312: 'type cast': conversion from 'DWORD' to 'void *' of greater size
c:\users\owner\desktop\xyz\xyzxl\MainLua.h(6681): warning C4312: 'type cast': conversion from 'DWORD' to 'void *' of greater size
c:\users\owner\desktop\xyz\xyzxl\MainLua.h(6687): warning C4312: 'type cast': conversion from 'DWORD' to 'TValue *' of greater size
  NumberRange.cpp
NumberRange.cpp(260): warning C4838: conversion from 'double' to 'float' requires a narrowing conversion
  UDim2.cpp
UDim2.cpp(274): warning C4838: conversion from 'double' to 'float' requires a narrowing conversion
  Vector2.cpp
Vector2.cpp(254): warning C4838: conversion from 'double' to 'float' requires a narrowing conversion
  Vector3.cpp
Vector3.cpp(267): warning C4838: conversion from 'double' to 'float' requires a narrowing conversion
  Generating Code...
c:\users\owner\desktop\xyz\xyzxl\vector3.cpp(268): warning C4172: returning address of local variable or temporary: asd
c:\users\owner\desktop\xyz\xyzxl\vector2.cpp(255): warning C4172: returning address of local variable or temporary: asd
c:\users\owner\desktop\xyz\xyzxl\udim2.cpp(275): warning C4172: returning address of local variable or temporary: asd
c:\users\owner\desktop\xyz\xyzxl\numberrange.cpp(261): warning C4172: returning address of local variable or temporary: asd
c:\users\owner\desktop\xyz\xyzxl\mainlua.h(1061): warning C4715: 'luaSpawn': not all control paths return a value
c:\users\owner\desktop\xyz\xyzxl\mainlua.h(1077): warning C4715: 'luaDelay': not all control paths return a value
c:\users\owner\desktop\xyz\xyzxl\docommand.h(266): warning C4715: 'QuickScan': not all control paths return a value
c:\users\owner\desktop\xyz\xyzxl\mainlua.h(1077): warning C4715: 'luaDelay': not all control paths return a value
c:\users\owner\desktop\xyz\xyzxl\mainlua.h(1061): warning C4715: 'luaSpawn': not all control paths return a value
c:\users\owner\desktop\xyz\xyzxl\mainlua.h(6713): warning C4715: 'Occult_luaA_run': not all control paths return a value
c:\users\owner\desktop\xyz\xyzxl\color3.cpp(268): warning C4172: returning address of local variable or temporary: asd
c:\users\owner\desktop\xyz\xyzxl\cframe.cpp(268): warning C4172: returning address of local variable or temporary: asd
dllmain.obj : error LNK2019: unresolved external symbol __imp_VMProtectBeginMutation referenced in function "class std::basic_string<char,struct std::char_traits<char>,class std::allocator<char> > __cdecl AuthenticateUser(int,class std::basic_string<char,struct std::char_traits<char>,class std::allocator<char> >,class std::basic_string<char,struct std::char_traits<char>,class std::allocator<char> >)" (?AuthenticateUser@@YA?AV?$basic_string@DU?$char_traits@D@std@@V?$allocator@D@2@@std@@HV12@0@Z)
Events.obj : error LNK2001: unresolved external symbol __imp_VMProtectBeginMutation
dllmain.obj : error LNK2019: unresolved external symbol __imp_VMProtectBeginUltra referenced in function "void __cdecl StartXYZ(void)" (?StartXYZ@@YAXXZ)
dllmain.obj : error LNK2019: unresolved external symbol __imp_VMProtectEnd referenced in function "class std::basic_string<char,struct std::char_traits<char>,class std::allocator<char> > __cdecl AuthenticateUser(int,class std::basic_string<char,struct std::char_traits<char>,class std::allocator<char> >,class std::basic_string<char,struct std::char_traits<char>,class std::allocator<char> >)" (?AuthenticateUser@@YA?AV?$basic_string@DU?$char_traits@D@std@@V?$allocator@D@2@@std@@HV12@0@Z)
Events.obj : error LNK2001: unresolved external symbol __imp_VMProtectEnd
dllmain.obj : error LNK2019: unresolved external symbol __imp_VMProtectDecryptStringA referenced in function "void __cdecl `dynamic initializer for 'ProtectWaffle''(void)" (??__EProtectWaffle@@YAXXZ)
Events.obj : error LNK2001: unresolved external symbol __imp_VMProtectDecryptStringA
dllmain.obj : error LNK2019: unresolved external symbol DetourTransactionBegin referenced in function "void __cdecl CreateConsoleAlternative(void)" (?CreateConsoleAlternative@@YAXXZ)
dllmain.obj : error LNK2019: unresolved external symbol DetourTransactionCommit referenced in function "void __cdecl CreateConsoleAlternative(void)" (?CreateConsoleAlternative@@YAXXZ)
dllmain.obj : error LNK2019: unresolved external symbol DetourUpdateThread referenced in function "void __cdecl CreateConsoleAlternative(void)" (?CreateConsoleAlternative@@YAXXZ)
dllmain.obj : error LNK2019: unresolved external symbol DetourAttach referenced in function "void __cdecl CreateConsoleAlternative(void)" (?CreateConsoleAlternative@@YAXXZ)
detours.lib : warning LNK4272: library machine type 'X86' conflicts with target machine type 'x64'
C:\Users\Owner\Desktop\XYZ\x64\NewRelease\Halcyonv.dll : fatal error LNK1120: 8 unresolved externals
