C:\USERS\LEVI\DOCUMENTS\VISUAL STUDIO 2012\PROJECTS\CYBER\CYBER\RELEASE\LIOLIB.OBJ
C:\USERS\LEVI\DOCUMENTS\VISUAL STUDIO 2012\PROJECTS\CYBER\CYBER\RELEASE\LLEX.OBJ
C:\USERS\LEVI\DOCUMENTS\VISUAL STUDIO 2012\PROJECTS\CYBER\CYBER\RELEASE\LMATHLIB.OBJ
C:\USERS\LEVI\DOCUMENTS\VISUAL STUDIO 2012\PROJECTS\CYBER\CYBER\RELEASE\LMEM.OBJ
C:\USERS\LEVI\DOCUMENTS\VISUAL STUDIO 2012\PROJECTS\CYBER\CYBER\RELEASE\LOADLIB.OBJ
C:\USERS\LEVI\DOCUMENTS\VISUAL STUDIO 2012\PROJECTS\CYBER\CYBER\RELEASE\LOBJECT.OBJ
C:\USERS\LEVI\DOCUMENTS\VISUAL STUDIO 2012\PROJECTS\CYBER\CYBER\RELEASE\LOPCODES.OBJ
C:\USERS\LEVI\DOCUMENTS\VISUAL STUDIO 2012\PROJECTS\CYBER\CYBER\RELEASE\LOSLIB.OBJ
C:\USERS\LEVI\DOCUMENTS\VISUAL STUDIO 2012\PROJECTS\CYBER\CYBER\RELEASE\LPARSER.OBJ
C:\USERS\LEVI\DOCUMENTS\VISUAL STUDIO 2012\PROJECTS\CYBER\CYBER\RELEASE\LSTATE.OBJ
C:\USERS\LEVI\DOCUMENTS\VISUAL STUDIO 2012\PROJECTS\CYBER\CYBER\RELEASE\LSTRING.OBJ
C:\USERS\LEVI\DOCUMENTS\VISUAL STUDIO 2012\PROJECTS\CYBER\CYBER\RELEASE\LSTRLIB.OBJ
C:\USERS\LEVI\DOCUMENTS\VISUAL STUDIO 2012\PROJECTS\CYBER\CYBER\RELEASE\LTABLE.OBJ
C:\USERS\LEVI\DOCUMENTS\VISUAL STUDIO 2012\PROJECTS\CYBER\CYBER\RELEASE\LTABLIB.OBJ
C:\USERS\LEVI\DOCUMENTS\VISUAL STUDIO 2012\PROJECTS\CYBER\CYBER\RELEASE\LTM.OBJ
C:\USERS\LEVI\DOCUMENTS\VISUAL STUDIO 2012\PROJECTS\CYBER\CYBER\RELEASE\LUA.OBJ
C:\USERS\LEVI\DOCUMENTS\VISUAL STUDIO 2012\PROJECTS\CYBER\CYBER\RELEASE\LUAC.OBJ
C:\USERS\LEVI\DOCUMENTS\VISUAL STUDIO 2012\PROJECTS\CYBER\CYBER\RELEASE\LUNDUMP.OBJ
C:\USERS\LEVI\DOCUMENTS\VISUAL STUDIO 2012\PROJECTS\CYBER\CYBER\RELEASE\LVM.OBJ
C:\USERS\LEVI\DOCUMENTS\VISUAL STUDIO 2012\PROJECTS\CYBER\CYBER\RELEASE\LZIO.OBJ
C:\USERS\LEVI\DOCUMENTS\VISUAL STUDIO 2012\PROJECTS\CYBER\CYBER\RELEASE\LAPI.OBJ
C:\USERS\LEVI\DOCUMENTS\VISUAL STUDIO 2012\PROJECTS\CYBER\CYBER\RELEASE\LAUXLIB.OBJ
C:\USERS\LEVI\DOCUMENTS\VISUAL STUDIO 2012\PROJECTS\CYBER\CYBER\RELEASE\LBASELIB.OBJ
C:\USERS\LEVI\DOCUMENTS\VISUAL STUDIO 2012\PROJECTS\CYBER\CYBER\RELEASE\LCODE.OBJ
C:\USERS\LEVI\DOCUMENTS\VISUAL STUDIO 2012\PROJECTS\CYBER\CYBER\RELEASE\LDBLIB.OBJ
C:\USERS\LEVI\DOCUMENTS\VISUAL STUDIO 2012\PROJECTS\CYBER\CYBER\RELEASE\LDEBUG.OBJ
C:\USERS\LEVI\DOCUMENTS\VISUAL STUDIO 2012\PROJECTS\CYBER\CYBER\RELEASE\LDO.OBJ
C:\USERS\LEVI\DOCUMENTS\VISUAL STUDIO 2012\PROJECTS\CYBER\CYBER\RELEASE\LDUMP.OBJ
C:\USERS\LEVI\DOCUMENTS\VISUAL STUDIO 2012\PROJECTS\CYBER\CYBER\RELEASE\LFUNC.OBJ
C:\USERS\LEVI\DOCUMENTS\VISUAL STUDIO 2012\PROJECTS\CYBER\CYBER\RELEASE\LGC.OBJ
C:\USERS\LEVI\DOCUMENTS\VISUAL STUDIO 2012\PROJECTS\CYBER\CYBER\RELEASE\LINIT.OBJ
C:\USERS\LEVI\DOCUMENTS\VISUAL STUDIO 2012\PROJECTS\CYBER\CYBER\RELEASE\VC110.PDB
c:\Users\Levi\documents\visual studio 2012\Projects\Cyber\Cyber\Release\lapi.obj
c:\Users\Levi\documents\visual studio 2012\Projects\Cyber\Cyber\Release\lauxlib.obj
c:\Users\Levi\documents\visual studio 2012\Projects\Cyber\Cyber\Release\lbaselib.obj
c:\Users\Levi\documents\visual studio 2012\Projects\Cyber\Cyber\Release\lcode.obj
c:\Users\Levi\documents\visual studio 2012\Projects\Cyber\Cyber\Release\ldblib.obj
c:\Users\Levi\documents\visual studio 2012\Projects\Cyber\Cyber\Release\ldebug.obj
c:\Users\Levi\documents\visual studio 2012\Projects\Cyber\Cyber\Release\ldo.obj
c:\Users\Levi\documents\visual studio 2012\Projects\Cyber\Cyber\Release\ldump.obj
c:\Users\Levi\documents\visual studio 2012\Projects\Cyber\Cyber\Release\lfunc.obj
c:\Users\Levi\documents\visual studio 2012\Projects\Cyber\Cyber\Release\lgc.obj
c:\Users\Levi\documents\visual studio 2012\Projects\Cyber\Cyber\Release\linit.obj
c:\Users\Levi\documents\visual studio 2012\Projects\Cyber\Cyber\Release\liolib.obj
c:\Users\Levi\documents\visual studio 2012\Projects\Cyber\Cyber\Release\llex.obj
c:\Users\Levi\documents\visual studio 2012\Projects\Cyber\Cyber\Release\lmathlib.obj
c:\Users\Levi\documents\visual studio 2012\Projects\Cyber\Cyber\Release\lmem.obj
c:\Users\Levi\documents\visual studio 2012\Projects\Cyber\Cyber\Release\loadlib.obj
c:\Users\Levi\documents\visual studio 2012\Projects\Cyber\Cyber\Release\lobject.obj
c:\Users\Levi\documents\visual studio 2012\Projects\Cyber\Cyber\Release\lopcodes.obj
c:\Users\Levi\documents\visual studio 2012\Projects\Cyber\Cyber\Release\loslib.obj
c:\Users\Levi\documents\visual studio 2012\Projects\Cyber\Cyber\Release\lparser.obj
c:\Users\Levi\documents\visual studio 2012\Projects\Cyber\Cyber\Release\lstate.obj
c:\Users\Levi\documents\visual studio 2012\Projects\Cyber\Cyber\Release\lstring.obj
c:\Users\Levi\documents\visual studio 2012\Projects\Cyber\Cyber\Release\lstrlib.obj
c:\Users\Levi\documents\visual studio 2012\Projects\Cyber\Cyber\Release\ltable.obj
c:\Users\Levi\documents\visual studio 2012\Projects\Cyber\Cyber\Release\ltablib.obj
c:\Users\Levi\documents\visual studio 2012\Projects\Cyber\Cyber\Release\ltm.obj
c:\Users\Levi\documents\visual studio 2012\Projects\Cyber\Cyber\Release\lua.obj
c:\Users\Levi\documents\visual studio 2012\Projects\Cyber\Cyber\Release\luac.obj
c:\Users\Levi\documents\visual studio 2012\Projects\Cyber\Cyber\Release\lundump.obj
c:\Users\Levi\documents\visual studio 2012\Projects\Cyber\Cyber\Release\lvm.obj
c:\Users\Levi\documents\visual studio 2012\Projects\Cyber\Cyber\Release\lzio.obj
c:\Users\Levi\documents\visual studio 2012\Projects\Cyber\Cyber\Release\cl.command.1.tlog
c:\Users\Levi\documents\visual studio 2012\Projects\Cyber\Cyber\Release\CL.read.1.tlog
c:\Users\Levi\documents\visual studio 2012\Projects\Cyber\Cyber\Release\CL.write.1.tlog
c:\Users\Levi\documents\visual studio 2012\Projects\Cyber\Cyber\Release\vc110.idb
c:\Users\Levi\documents\visual studio 2012\Projects\Cyber\Cyber\Release\vc110.pdb
